#
# There is insufficient memory for the Java Runtime Environment to continue.
# Native memory allocation (malloc) failed to allocate 1088336 bytes for Chunk::new
# Possible reasons:
#   The system is out of physical RAM or swap space
#   The process is running with CompressedOops enabled, and the Java Heap may be blocking the growth of the native heap
# Possible solutions:
#   Reduce memory load on the system
#   Increase physical memory or swap space
#   Check if swap backing store is full
#   Decrease Java heap size (-Xmx/-Xms)
#   Decrease number of Java threads
#   Decrease Java thread stack sizes (-Xss)
#   Set larger code cache with -XX:ReservedCodeCacheSize=
#   JVM is running with Unscaled Compressed Oops mode in which the Java heap is
#     placed in the first 4GB address space. The Java Heap base address is the
#     maximum limit for the native heap growth. Please use -XX:HeapBaseMinAddress
#     to set the Java Heap base and to place the Java Heap above 4GB virtual address.
# This output file may be truncated or incomplete.
#
#  Out of Memory Error (./src/hotspot/share/memory/arena.cpp:197), pid=14032, tid=1172
#
# JRE version: OpenJDK Runtime Environment (11.0.11+9) (build 11.0.11+9-b60-7590822)
# Java VM: OpenJDK 64-Bit Server VM (11.0.11+9-b60-7590822, mixed mode, tiered, compressed oops, g1 gc, windows-amd64)
# No core dump will be written. Minidumps are not enabled by default on client versions of Windows
#

---------------  S U M M A R Y ------------

Command Line: --add-opens=java.base/java.util=ALL-UNNAMED --add-opens=java.base/java.lang=ALL-UNNAMED --add-opens=java.base/java.lang.invoke=ALL-UNNAMED --add-opens=java.base/java.util=ALL-UNNAMED --add-opens=java.prefs/java.util.prefs=ALL-UNNAMED --add-opens=java.prefs/java.util.prefs=ALL-UNNAMED --add-opens=java.base/java.nio.charset=ALL-UNNAMED --add-opens=java.base/java.net=ALL-UNNAMED --add-opens=java.base/java.util.concurrent.atomic=ALL-UNNAMED -Xmx2048m -Dfile.encoding=UTF-8 -Duser.country=RU -Duser.language=ru -Duser.variant org.gradle.launcher.daemon.bootstrap.GradleDaemon 7.2

Host: 11th Gen Intel(R) Core(TM) i5-11400H @ 2.70GHz, 12 cores, 15G,  Windows 10 , 64 bit Build 19041 (10.0.19041.1645)
Time: Sun Apr 17 10:58:24 2022 Центральная Азия (зима) elapsed time: 16.515408 seconds (0d 0h 0m 16s)

---------------  T H R E A D  ---------------

Current thread (0x000001c94fafe800):  JavaThread "C2 CompilerThread0" daemon [_thread_in_native, id=1172, stack(0x0000009e43800000,0x0000009e43900000)]


Current CompileTask:
C2:  16515 7511       4       org.gradle.internal.instantiation.generator.AbstractClassGenerator::inspectType (560 bytes)

Stack: [0x0000009e43800000,0x0000009e43900000]
Native frames: (J=compiled Java code, j=interpreted, Vv=VM code, C=native code)
V  [jvm.dll+0x5f214a]
V  [jvm.dll+0x726fb5]
V  [jvm.dll+0x7285cd]
V  [jvm.dll+0x728c83]
V  [jvm.dll+0x243278]
V  [jvm.dll+0xbc53c]
V  [jvm.dll+0xbca3c]
V  [jvm.dll+0x2b5c34]
V  [jvm.dll+0x508488]
V  [jvm.dll+0x1fd826]
V  [jvm.dll+0x1fb35f]
V  [jvm.dll+0x183d6c]
V  [jvm.dll+0x209a57]
V  [jvm.dll+0x2082a1]
V  [jvm.dll+0x6ef58f]
V  [jvm.dll+0x6e80b5]
V  [jvm.dll+0x5f1036]
C  [ucrtbase.dll+0x21bb2]
C  [KERNEL32.DLL+0x17034]
C  [ntdll.dll+0x52651]


---------------  P R O C E S S  ---------------

Threads class SMR info:
_java_thread_list=0x000001c95563bb10, length=167, elements={
0x000001c934225000, 0x000001c94f245800, 0x000001c94f24f000, 0x000001c94faf7000,
0x000001c94fafc000, 0x000001c94fafd000, 0x000001c94fafe800, 0x000001c94fb4d800,
0x000001c94fb72000, 0x000001c94fcd3000, 0x000001c951cb1000, 0x000001c951434000,
0x000001c94fe03000, 0x000001c95120b800, 0x000001c952500800, 0x000001c950b19000,
0x000001c952c12800, 0x000001c950b1a800, 0x000001c951c19800, 0x000001c951d61800,
0x000001c951d62000, 0x000001c951d63000, 0x000001c951d64000, 0x000001c951d67000,
0x000001c951d65800, 0x000001c951d64800, 0x000001c951d68000, 0x000001c951d66800,
0x000001c952a98000, 0x000001c952a97000, 0x000001c952a98800, 0x000001c952a9b000,
0x000001c952a9f800, 0x000001c952a9c000, 0x000001c952a99800, 0x000001c952aa2800,
0x000001c952aa0000, 0x000001c952a9e800, 0x000001c952aa1000, 0x000001c952aa1800,
0x000001c952a9d000, 0x000001c952aa3800, 0x000001c952a9d800, 0x000001c952aa4000,
0x000001c952aa5000, 0x000001c952781000, 0x000001c952782000, 0x000001c95277f800,
0x000001c95277e000, 0x000001c952780800, 0x000001c952783000, 0x000001c952784800,
0x000001c952783800, 0x000001c95277e800, 0x000001c95278a000, 0x000001c952787800,
0x000001c95278b000, 0x000001c952788800, 0x000001c952785000, 0x000001c952789800,
0x000001c95278c000, 0x000001c952786000, 0x000001c952787000, 0x000001c95278c800,
0x000001c951de0800, 0x000001c951de1000, 0x000001c951dde800, 0x000001c951ddb800,
0x000001c951ddf800, 0x000001c951ddd000, 0x000001c951de2000, 0x000001c951dde000,
0x000001c951ddc800, 0x000001c951de7800, 0x000001c951de3000, 0x000001c951de9800,
0x000001c951de5000, 0x000001c951de6000, 0x000001c951de7000, 0x000001c951de3800,
0x000001c951de8800, 0x000001c951dea000, 0x000001c951de4800, 0x000001c95306b800,
0x000001c953067800, 0x000001c953068000, 0x000001c95306d000, 0x000001c95306a000,
0x000001c95306e000, 0x000001c953069000, 0x000001c95306c000, 0x000001c95306a800,
0x000001c953071000, 0x000001c95306f800, 0x000001c953070800, 0x000001c953072000,
0x000001c95306e800, 0x000001c953072800, 0x000001c953073800, 0x000001c953074800,
0x000001c953075000, 0x000001c953076000, 0x000001c95326f000, 0x000001c95326d800,
0x000001c95326c000, 0x000001c95326c800, 0x000001c95326e800, 0x000001c953270000,
0x000001c95326a000, 0x000001c953271000, 0x000001c95326b000, 0x000001c953277800,
0x000001c953275800, 0x000001c953274000, 0x000001c953272800, 0x000001c953275000,
0x000001c953276800, 0x000001c953271800, 0x000001c953278000, 0x000001c953279000,
0x000001c953273000, 0x000001c950137800, 0x000001c950134800, 0x000001c95013a000,
0x000001c95013b000, 0x000001c950135800, 0x000001c95013c000, 0x000001c950138800,
0x000001c950136000, 0x000001c950139800, 0x000001c95013c800, 0x000001c950137000,
0x000001c950140000, 0x000001c950141800, 0x000001c95013f000, 0x000001c950143000,
0x000001c950140800, 0x000001c950142800, 0x000001c95013d800, 0x000001c95013e800,
0x000001c950dfd800, 0x000001c950e00000, 0x000001c950dfd000, 0x000001c950dfb000,
0x000001c950dfc000, 0x000001c950dff800, 0x000001c950e02800, 0x000001c950e01000,
0x000001c950e03800, 0x000001c950e04000, 0x000001c950e01800, 0x000001c950dfe800,
0x000001c950e06800, 0x000001c950e0a000, 0x000001c950e05000, 0x000001c950e07800,
0x000001c950e09000, 0x000001c950e08800, 0x000001c950e06000, 0x000001c955474000,
0x000001c955475800, 0x000001c955471800, 0x000001c955472000, 0x000001c955474800,
0x000001c955479000, 0x000001c9523e4800, 0x000001c955476800
}

Java Threads: ( => current thread )
  0x000001c934225000 JavaThread "main" [_thread_blocked, id=4260, stack(0x0000009e42c00000,0x0000009e42d00000)]
  0x000001c94f245800 JavaThread "Reference Handler" daemon [_thread_blocked, id=10480, stack(0x0000009e43300000,0x0000009e43400000)]
  0x000001c94f24f000 JavaThread "Finalizer" daemon [_thread_blocked, id=18220, stack(0x0000009e43400000,0x0000009e43500000)]
  0x000001c94faf7000 JavaThread "Signal Dispatcher" daemon [_thread_blocked, id=11532, stack(0x0000009e43500000,0x0000009e43600000)]
  0x000001c94fafc000 JavaThread "Attach Listener" daemon [_thread_blocked, id=1352, stack(0x0000009e43600000,0x0000009e43700000)]
  0x000001c94fafd000 JavaThread "Service Thread" daemon [_thread_blocked, id=12512, stack(0x0000009e43700000,0x0000009e43800000)]
=>0x000001c94fafe800 JavaThread "C2 CompilerThread0" daemon [_thread_in_native, id=1172, stack(0x0000009e43800000,0x0000009e43900000)]
  0x000001c94fb4d800 JavaThread "C1 CompilerThread0" daemon [_thread_blocked, id=8740, stack(0x0000009e43900000,0x0000009e43a00000)]
  0x000001c94fb72000 JavaThread "Sweeper thread" daemon [_thread_blocked, id=10028, stack(0x0000009e43a00000,0x0000009e43b00000)]
  0x000001c94fcd3000 JavaThread "Common-Cleaner" daemon [_thread_blocked, id=7844, stack(0x0000009e43b00000,0x0000009e43c00000)]
  0x000001c951cb1000 JavaThread "Daemon health stats" [_thread_blocked, id=3376, stack(0x0000009e44400000,0x0000009e44500000)]
  0x000001c951434000 JavaThread "Incoming local TCP Connector on port 58037" [_thread_in_native, id=9300, stack(0x0000009e43d00000,0x0000009e43e00000)]
  0x000001c94fe03000 JavaThread "Daemon periodic checks" [_thread_blocked, id=8432, stack(0x0000009e44300000,0x0000009e44400000)]
  0x000001c95120b800 JavaThread "Daemon" [_thread_blocked, id=3636, stack(0x0000009e44500000,0x0000009e44600000)]
  0x000001c952500800 JavaThread "Handler for socket connection from /127.0.0.1:58037 to /127.0.0.1:58086" [_thread_in_native, id=13512, stack(0x0000009e44600000,0x0000009e44700000)]
  0x000001c950b19000 JavaThread "Cancel handler" [_thread_blocked, id=16316, stack(0x0000009e44700000,0x0000009e44800000)]
  0x000001c952c12800 JavaThread "Daemon worker" [_thread_in_vm, id=8228, stack(0x0000009e44800000,0x0000009e44900000)]
  0x000001c950b1a800 JavaThread "Asynchronous log dispatcher for DefaultDaemonConnection: socket connection from /127.0.0.1:58037 to /127.0.0.1:58086" [_thread_blocked, id=13096, stack(0x0000009e44900000,0x0000009e44a00000)]
  0x000001c951c19800 JavaThread "Stdin handler" [_thread_blocked, id=11872, stack(0x0000009e44a00000,0x0000009e44b00000)]
  0x000001c951d61800 JavaThread "Daemon client event forwarder" [_thread_blocked, id=14144, stack(0x0000009e44b00000,0x0000009e44c00000)]
  0x000001c951d62000 JavaThread "Cache worker for journal cache (C:\Users\smagu\.gradle\caches\journal-1)" [_thread_blocked, id=11012, stack(0x0000009e44c00000,0x0000009e44d00000)]
  0x000001c951d63000 JavaThread "File lock request listener" [_thread_in_native, id=14996, stack(0x0000009e44d00000,0x0000009e44e00000)]
  0x000001c951d64000 JavaThread "Cache worker for file hash cache (C:\Users\smagu\.gradle\caches\7.2\fileHashes)" [_thread_blocked, id=17500, stack(0x0000009e44e00000,0x0000009e44f00000)]
  0x000001c951d67000 JavaThread "Cache worker for file hash cache (C:\Users\smagu\AndroidStudioProjects\calapp\.gradle\7.2\fileHashes)" [_thread_blocked, id=10972, stack(0x0000009e45600000,0x0000009e45700000)]
  0x000001c951d65800 JavaThread "File watcher server" daemon [_thread_in_native, id=6432, stack(0x0000009e45700000,0x0000009e45800000)]
  0x000001c951d64800 JavaThread "File watcher consumer" daemon [_thread_blocked, id=7740, stack(0x0000009e45800000,0x0000009e45900000)]
  0x000001c951d68000 JavaThread "Cache worker for checksums cache (C:\Users\smagu\AndroidStudioProjects\calapp\.gradle\checksums)" [_thread_blocked, id=9712, stack(0x0000009e45900000,0x0000009e45a00000)]
  0x000001c951d66800 JavaThread "Cache worker for cache directory md-supplier (C:\Users\smagu\.gradle\caches\7.2\md-supplier)" [_thread_blocked, id=9600, stack(0x0000009e45a00000,0x0000009e45b00000)]
  0x000001c952a98000 JavaThread "Cache worker for cache directory md-rule (C:\Users\smagu\.gradle\caches\7.2\md-rule)" [_thread_blocked, id=9964, stack(0x0000009e45c00000,0x0000009e45d00000)]
  0x000001c952a97000 JavaThread "Cache worker for execution history cache (C:\Users\smagu\.gradle\caches\7.2\executionHistory)" [_thread_blocked, id=3848, stack(0x0000009e45d00000,0x0000009e45e00000)]
  0x000001c952a98800 JavaThread "jar transforms" [_thread_blocked, id=13368, stack(0x0000009e45e00000,0x0000009e45f00000)]
  0x000001c952a9b000 JavaThread "Cache worker for file content cache (C:\Users\smagu\.gradle\caches\7.2\fileContent)" [_thread_blocked, id=17768, stack(0x0000009e45f00000,0x0000009e46000000)]
  0x000001c952a9f800 JavaThread "jar transforms Thread 2" [_thread_blocked, id=16336, stack(0x0000009e46000000,0x0000009e46100000)]
  0x000001c952a9c000 JavaThread "Cache worker for dependencies-accessors (C:\Users\smagu\AndroidStudioProjects\calapp\.gradle\7.2\dependencies-accessors)" [_thread_blocked, id=11936, stack(0x0000009e45500000,0x0000009e45600000)]
  0x000001c952a99800 JavaThread "jar transforms Thread 3" [_thread_blocked, id=2596, stack(0x0000009e46100000,0x0000009e46200000)]
  0x000001c952aa2800 JavaThread "Cache worker for Build Output Cleanup Cache (C:\Users\smagu\AndroidStudioProjects\calapp\.gradle\buildOutputCleanup)" [_thread_blocked, id=8348, stack(0x0000009e46200000,0x0000009e46300000)]
  0x000001c952aa0000 JavaThread "Unconstrained build operations" [_thread_blocked, id=5216, stack(0x0000009e45b00000,0x0000009e45c00000)]
  0x000001c952a9e800 JavaThread "Unconstrained build operations Thread 2" [_thread_blocked, id=13488, stack(0x0000009e46300000,0x0000009e46400000)]
  0x000001c952aa1000 JavaThread "Unconstrained build operations Thread 3" [_thread_blocked, id=12680, stack(0x0000009e46400000,0x0000009e46500000)]
  0x000001c952aa1800 JavaThread "Unconstrained build operations Thread 4" [_thread_blocked, id=15968, stack(0x0000009e46500000,0x0000009e46600000)]
  0x000001c952a9d000 JavaThread "Unconstrained build operations Thread 5" [_thread_blocked, id=4152, stack(0x0000009e46600000,0x0000009e46700000)]
  0x000001c952aa3800 JavaThread "Unconstrained build operations Thread 6" [_thread_blocked, id=1392, stack(0x0000009e46700000,0x0000009e46800000)]
  0x000001c952a9d800 JavaThread "Unconstrained build operations Thread 7" [_thread_blocked, id=6856, stack(0x0000009e46800000,0x0000009e46900000)]
  0x000001c952aa4000 JavaThread "Unconstrained build operations Thread 8" [_thread_blocked, id=12980, stack(0x0000009e46900000,0x0000009e46a00000)]
  0x000001c952aa5000 JavaThread "Unconstrained build operations Thread 9" [_thread_blocked, id=2188, stack(0x0000009e46a00000,0x0000009e46b00000)]
  0x000001c952781000 JavaThread "Unconstrained build operations Thread 10" [_thread_blocked, id=16044, stack(0x0000009e46b00000,0x0000009e46c00000)]
  0x000001c952782000 JavaThread "Unconstrained build operations Thread 11" [_thread_blocked, id=16344, stack(0x0000009e46c00000,0x0000009e46d00000)]
  0x000001c95277f800 JavaThread "Unconstrained build operations Thread 12" [_thread_blocked, id=18064, stack(0x0000009e46d00000,0x0000009e46e00000)]
  0x000001c95277e000 JavaThread "Unconstrained build operations Thread 13" [_thread_blocked, id=13308, stack(0x0000009e46e00000,0x0000009e46f00000)]
  0x000001c952780800 JavaThread "Unconstrained build operations Thread 14" [_thread_blocked, id=9564, stack(0x0000009e46f00000,0x0000009e47000000)]
  0x000001c952783000 JavaThread "Unconstrained build operations Thread 15" [_thread_blocked, id=3724, stack(0x0000009e47000000,0x0000009e47100000)]
  0x000001c952784800 JavaThread "Unconstrained build operations Thread 16" [_thread_blocked, id=11696, stack(0x0000009e47100000,0x0000009e47200000)]
  0x000001c952783800 JavaThread "Unconstrained build operations Thread 17" [_thread_blocked, id=6092, stack(0x0000009e47200000,0x0000009e47300000)]
  0x000001c95277e800 JavaThread "Unconstrained build operations Thread 18" [_thread_blocked, id=8744, stack(0x0000009e47300000,0x0000009e47400000)]
  0x000001c95278a000 JavaThread "Unconstrained build operations Thread 19" [_thread_blocked, id=10488, stack(0x0000009e47400000,0x0000009e47500000)]
  0x000001c952787800 JavaThread "Unconstrained build operations Thread 20" [_thread_blocked, id=14716, stack(0x0000009e47500000,0x0000009e47600000)]
  0x000001c95278b000 JavaThread "Unconstrained build operations Thread 21" [_thread_blocked, id=6268, stack(0x0000009e47600000,0x0000009e47700000)]
  0x000001c952788800 JavaThread "Unconstrained build operations Thread 22" [_thread_blocked, id=16808, stack(0x0000009e47700000,0x0000009e47800000)]
  0x000001c952785000 JavaThread "Unconstrained build operations Thread 23" [_thread_blocked, id=4596, stack(0x0000009e47800000,0x0000009e47900000)]
  0x000001c952789800 JavaThread "Unconstrained build operations Thread 24" [_thread_blocked, id=9208, stack(0x0000009e47900000,0x0000009e47a00000)]
  0x000001c95278c000 JavaThread "Unconstrained build operations Thread 25" [_thread_blocked, id=7172, stack(0x0000009e47a00000,0x0000009e47b00000)]
  0x000001c952786000 JavaThread "Unconstrained build operations Thread 26" [_thread_blocked, id=13716, stack(0x0000009e47b00000,0x0000009e47c00000)]
  0x000001c952787000 JavaThread "Unconstrained build operations Thread 27" [_thread_blocked, id=12848, stack(0x0000009e47c00000,0x0000009e47d00000)]
  0x000001c95278c800 JavaThread "Unconstrained build operations Thread 28" [_thread_blocked, id=1804, stack(0x0000009e47d00000,0x0000009e47e00000)]
  0x000001c951de0800 JavaThread "Unconstrained build operations Thread 29" [_thread_blocked, id=1464, stack(0x0000009e47e00000,0x0000009e47f00000)]
  0x000001c951de1000 JavaThread "Unconstrained build operations Thread 30" [_thread_blocked, id=11412, stack(0x0000009e47f00000,0x0000009e48000000)]
  0x000001c951dde800 JavaThread "Unconstrained build operations Thread 31" [_thread_blocked, id=13588, stack(0x0000009e48000000,0x0000009e48100000)]
  0x000001c951ddb800 JavaThread "Unconstrained build operations Thread 32" [_thread_blocked, id=9500, stack(0x0000009e48100000,0x0000009e48200000)]
  0x000001c951ddf800 JavaThread "Unconstrained build operations Thread 33" [_thread_blocked, id=11992, stack(0x0000009e48200000,0x0000009e48300000)]
  0x000001c951ddd000 JavaThread "Unconstrained build operations Thread 34" [_thread_blocked, id=8256, stack(0x0000009e48300000,0x0000009e48400000)]
  0x000001c951de2000 JavaThread "Unconstrained build operations Thread 35" [_thread_blocked, id=12076, stack(0x0000009e48400000,0x0000009e48500000)]
  0x000001c951dde000 JavaThread "Unconstrained build operations Thread 36" [_thread_blocked, id=12060, stack(0x0000009e48500000,0x0000009e48600000)]
  0x000001c951ddc800 JavaThread "Unconstrained build operations Thread 37" [_thread_blocked, id=7792, stack(0x0000009e48600000,0x0000009e48700000)]
  0x000001c951de7800 JavaThread "Unconstrained build operations Thread 38" [_thread_blocked, id=17356, stack(0x0000009e48700000,0x0000009e48800000)]
  0x000001c951de3000 JavaThread "Unconstrained build operations Thread 39" [_thread_blocked, id=1292, stack(0x0000009e48800000,0x0000009e48900000)]
  0x000001c951de9800 JavaThread "Unconstrained build operations Thread 40" [_thread_blocked, id=1584, stack(0x0000009e48900000,0x0000009e48a00000)]
  0x000001c951de5000 JavaThread "Unconstrained build operations Thread 41" [_thread_blocked, id=16848, stack(0x0000009e48a00000,0x0000009e48b00000)]
  0x000001c951de6000 JavaThread "Unconstrained build operations Thread 42" [_thread_blocked, id=2420, stack(0x0000009e48b00000,0x0000009e48c00000)]
  0x000001c951de7000 JavaThread "Unconstrained build operations Thread 43" [_thread_blocked, id=17040, stack(0x0000009e48c00000,0x0000009e48d00000)]
  0x000001c951de3800 JavaThread "Unconstrained build operations Thread 44" [_thread_blocked, id=1044, stack(0x0000009e48d00000,0x0000009e48e00000)]
  0x000001c951de8800 JavaThread "Unconstrained build operations Thread 45" [_thread_blocked, id=12584, stack(0x0000009e48e00000,0x0000009e48f00000)]
  0x000001c951dea000 JavaThread "Unconstrained build operations Thread 46" [_thread_blocked, id=12068, stack(0x0000009e48f00000,0x0000009e49000000)]
  0x000001c951de4800 JavaThread "Unconstrained build operations Thread 47" [_thread_blocked, id=15644, stack(0x0000009e49000000,0x0000009e49100000)]
  0x000001c95306b800 JavaThread "Unconstrained build operations Thread 48" [_thread_blocked, id=13340, stack(0x0000009e49100000,0x0000009e49200000)]
  0x000001c953067800 JavaThread "Unconstrained build operations Thread 49" [_thread_blocked, id=2976, stack(0x0000009e49200000,0x0000009e49300000)]
  0x000001c953068000 JavaThread "Unconstrained build operations Thread 50" [_thread_blocked, id=11500, stack(0x0000009e49300000,0x0000009e49400000)]
  0x000001c95306d000 JavaThread "Unconstrained build operations Thread 51" [_thread_blocked, id=14496, stack(0x0000009e49400000,0x0000009e49500000)]
  0x000001c95306a000 JavaThread "Unconstrained build operations Thread 52" [_thread_blocked, id=12092, stack(0x0000009e49500000,0x0000009e49600000)]
  0x000001c95306e000 JavaThread "Unconstrained build operations Thread 53" [_thread_blocked, id=3716, stack(0x0000009e49600000,0x0000009e49700000)]
  0x000001c953069000 JavaThread "Unconstrained build operations Thread 54" [_thread_blocked, id=2252, stack(0x0000009e49700000,0x0000009e49800000)]
  0x000001c95306c000 JavaThread "Unconstrained build operations Thread 55" [_thread_blocked, id=8596, stack(0x0000009e49800000,0x0000009e49900000)]
  0x000001c95306a800 JavaThread "Unconstrained build operations Thread 56" [_thread_blocked, id=15468, stack(0x0000009e49900000,0x0000009e49a00000)]
  0x000001c953071000 JavaThread "Unconstrained build operations Thread 57" [_thread_blocked, id=12008, stack(0x0000009e49a00000,0x0000009e49b00000)]
  0x000001c95306f800 JavaThread "Unconstrained build operations Thread 58" [_thread_blocked, id=17616, stack(0x0000009e49b00000,0x0000009e49c00000)]
  0x000001c953070800 JavaThread "Unconstrained build operations Thread 59" [_thread_blocked, id=9928, stack(0x0000009e49c00000,0x0000009e49d00000)]
  0x000001c953072000 JavaThread "Unconstrained build operations Thread 60" [_thread_blocked, id=15460, stack(0x0000009e49d00000,0x0000009e49e00000)]
  0x000001c95306e800 JavaThread "Unconstrained build operations Thread 61" [_thread_blocked, id=8464, stack(0x0000009e49e00000,0x0000009e49f00000)]
  0x000001c953072800 JavaThread "Unconstrained build operations Thread 62" [_thread_blocked, id=14404, stack(0x0000009e49f00000,0x0000009e4a000000)]
  0x000001c953073800 JavaThread "Unconstrained build operations Thread 63" [_thread_blocked, id=13220, stack(0x0000009e4a000000,0x0000009e4a100000)]
  0x000001c953074800 JavaThread "Unconstrained build operations Thread 64" [_thread_blocked, id=16824, stack(0x0000009e4a100000,0x0000009e4a200000)]
  0x000001c953075000 JavaThread "Unconstrained build operations Thread 65" [_thread_blocked, id=16680, stack(0x0000009e4a200000,0x0000009e4a300000)]
  0x000001c953076000 JavaThread "Unconstrained build operations Thread 66" [_thread_blocked, id=7100, stack(0x0000009e4a300000,0x0000009e4a400000)]
  0x000001c95326f000 JavaThread "Unconstrained build operations Thread 67" [_thread_blocked, id=12132, stack(0x0000009e4a400000,0x0000009e4a500000)]
  0x000001c95326d800 JavaThread "Unconstrained build operations Thread 68" [_thread_blocked, id=5768, stack(0x0000009e4a500000,0x0000009e4a600000)]
  0x000001c95326c000 JavaThread "Unconstrained build operations Thread 69" [_thread_blocked, id=12396, stack(0x0000009e4a600000,0x0000009e4a700000)]
  0x000001c95326c800 JavaThread "Unconstrained build operations Thread 70" [_thread_blocked, id=15108, stack(0x0000009e4a700000,0x0000009e4a800000)]
  0x000001c95326e800 JavaThread "Unconstrained build operations Thread 71" [_thread_blocked, id=18312, stack(0x0000009e4a800000,0x0000009e4a900000)]
  0x000001c953270000 JavaThread "Unconstrained build operations Thread 72" [_thread_blocked, id=17660, stack(0x0000009e4a900000,0x0000009e4aa00000)]
  0x000001c95326a000 JavaThread "Unconstrained build operations Thread 73" [_thread_blocked, id=8632, stack(0x0000009e4aa00000,0x0000009e4ab00000)]
  0x000001c953271000 JavaThread "Unconstrained build operations Thread 74" [_thread_blocked, id=18096, stack(0x0000009e4ab00000,0x0000009e4ac00000)]
  0x000001c95326b000 JavaThread "Unconstrained build operations Thread 75" [_thread_blocked, id=4272, stack(0x0000009e4ac00000,0x0000009e4ad00000)]
  0x000001c953277800 JavaThread "Unconstrained build operations Thread 76" [_thread_blocked, id=14128, stack(0x0000009e4ad00000,0x0000009e4ae00000)]
  0x000001c953275800 JavaThread "Unconstrained build operations Thread 77" [_thread_blocked, id=14000, stack(0x0000009e4ae00000,0x0000009e4af00000)]
  0x000001c953274000 JavaThread "Unconstrained build operations Thread 78" [_thread_blocked, id=12180, stack(0x0000009e4af00000,0x0000009e4b000000)]
  0x000001c953272800 JavaThread "Unconstrained build operations Thread 79" [_thread_blocked, id=14292, stack(0x0000009e4b000000,0x0000009e4b100000)]
  0x000001c953275000 JavaThread "Unconstrained build operations Thread 80" [_thread_blocked, id=12864, stack(0x0000009e4b100000,0x0000009e4b200000)]
  0x000001c953276800 JavaThread "Unconstrained build operations Thread 81" [_thread_blocked, id=10436, stack(0x0000009e4b200000,0x0000009e4b300000)]
  0x000001c953271800 JavaThread "Unconstrained build operations Thread 82" [_thread_blocked, id=3852, stack(0x0000009e4b300000,0x0000009e4b400000)]
  0x000001c953278000 JavaThread "Unconstrained build operations Thread 83" [_thread_blocked, id=17424, stack(0x0000009e4b400000,0x0000009e4b500000)]
  0x000001c953279000 JavaThread "Unconstrained build operations Thread 84" [_thread_blocked, id=14368, stack(0x0000009e4b500000,0x0000009e4b600000)]
  0x000001c953273000 JavaThread "Unconstrained build operations Thread 85" [_thread_blocked, id=6624, stack(0x0000009e4b600000,0x0000009e4b700000)]
  0x000001c950137800 JavaThread "Unconstrained build operations Thread 86" [_thread_blocked, id=10108, stack(0x0000009e4b700000,0x0000009e4b800000)]
  0x000001c950134800 JavaThread "Unconstrained build operations Thread 87" [_thread_blocked, id=13948, stack(0x0000009e4b800000,0x0000009e4b900000)]
  0x000001c95013a000 JavaThread "Unconstrained build operations Thread 88" [_thread_blocked, id=10216, stack(0x0000009e4b900000,0x0000009e4ba00000)]
  0x000001c95013b000 JavaThread "Unconstrained build operations Thread 89" [_thread_blocked, id=15536, stack(0x0000009e4ba00000,0x0000009e4bb00000)]
  0x000001c950135800 JavaThread "Unconstrained build operations Thread 90" [_thread_blocked, id=16916, stack(0x0000009e4bb00000,0x0000009e4bc00000)]
  0x000001c95013c000 JavaThread "Unconstrained build operations Thread 91" [_thread_blocked, id=12676, stack(0x0000009e4bc00000,0x0000009e4bd00000)]
  0x000001c950138800 JavaThread "Unconstrained build operations Thread 92" [_thread_blocked, id=17932, stack(0x0000009e4bd00000,0x0000009e4be00000)]
  0x000001c950136000 JavaThread "Unconstrained build operations Thread 93" [_thread_blocked, id=18388, stack(0x0000009e4be00000,0x0000009e4bf00000)]
  0x000001c950139800 JavaThread "Unconstrained build operations Thread 94" [_thread_blocked, id=15576, stack(0x0000009e4bf00000,0x0000009e4c000000)]
  0x000001c95013c800 JavaThread "Unconstrained build operations Thread 95" [_thread_blocked, id=12560, stack(0x0000009e4c000000,0x0000009e4c100000)]
  0x000001c950137000 JavaThread "Unconstrained build operations Thread 96" [_thread_blocked, id=7040, stack(0x0000009e4c100000,0x0000009e4c200000)]
  0x000001c950140000 JavaThread "Unconstrained build operations Thread 97" [_thread_blocked, id=6280, stack(0x0000009e4c200000,0x0000009e4c300000)]
  0x000001c950141800 JavaThread "Unconstrained build operations Thread 98" [_thread_blocked, id=13072, stack(0x0000009e4c300000,0x0000009e4c400000)]
  0x000001c95013f000 JavaThread "Unconstrained build operations Thread 99" [_thread_blocked, id=14132, stack(0x0000009e4c400000,0x0000009e4c500000)]
  0x000001c950143000 JavaThread "Unconstrained build operations Thread 100" [_thread_blocked, id=8588, stack(0x0000009e4c500000,0x0000009e4c600000)]
  0x000001c950140800 JavaThread "Unconstrained build operations Thread 101" [_thread_blocked, id=6668, stack(0x0000009e4c600000,0x0000009e4c700000)]
  0x000001c950142800 JavaThread "Unconstrained build operations Thread 102" [_thread_blocked, id=7092, stack(0x0000009e4c700000,0x0000009e4c800000)]
  0x000001c95013d800 JavaThread "Unconstrained build operations Thread 103" [_thread_blocked, id=5136, stack(0x0000009e4c800000,0x0000009e4c900000)]
  0x000001c95013e800 JavaThread "Unconstrained build operations Thread 104" [_thread_blocked, id=11772, stack(0x0000009e4c900000,0x0000009e4ca00000)]
  0x000001c950dfd800 JavaThread "Unconstrained build operations Thread 105" [_thread_blocked, id=12376, stack(0x0000009e4ca00000,0x0000009e4cb00000)]
  0x000001c950e00000 JavaThread "Unconstrained build operations Thread 106" [_thread_blocked, id=3280, stack(0x0000009e4cb00000,0x0000009e4cc00000)]
  0x000001c950dfd000 JavaThread "Unconstrained build operations Thread 107" [_thread_blocked, id=10832, stack(0x0000009e4cc00000,0x0000009e4cd00000)]
  0x000001c950dfb000 JavaThread "Unconstrained build operations Thread 108" [_thread_blocked, id=15540, stack(0x0000009e4cd00000,0x0000009e4ce00000)]
  0x000001c950dfc000 JavaThread "Unconstrained build operations Thread 109" [_thread_blocked, id=8600, stack(0x0000009e4ce00000,0x0000009e4cf00000)]
  0x000001c950dff800 JavaThread "Unconstrained build operations Thread 110" [_thread_blocked, id=12940, stack(0x0000009e4cf00000,0x0000009e4d000000)]
  0x000001c950e02800 JavaThread "Unconstrained build operations Thread 111" [_thread_blocked, id=8956, stack(0x0000009e4d000000,0x0000009e4d100000)]
  0x000001c950e01000 JavaThread "Unconstrained build operations Thread 112" [_thread_blocked, id=16628, stack(0x0000009e4d100000,0x0000009e4d200000)]
  0x000001c950e03800 JavaThread "Unconstrained build operations Thread 113" [_thread_blocked, id=10100, stack(0x0000009e4d200000,0x0000009e4d300000)]
  0x000001c950e04000 JavaThread "Unconstrained build operations Thread 114" [_thread_blocked, id=4716, stack(0x0000009e4d300000,0x0000009e4d400000)]
  0x000001c950e01800 JavaThread "Unconstrained build operations Thread 115" [_thread_blocked, id=11348, stack(0x0000009e4d400000,0x0000009e4d500000)]
  0x000001c950dfe800 JavaThread "Unconstrained build operations Thread 116" [_thread_blocked, id=1196, stack(0x0000009e4d500000,0x0000009e4d600000)]
  0x000001c950e06800 JavaThread "Unconstrained build operations Thread 117" [_thread_blocked, id=17880, stack(0x0000009e4d600000,0x0000009e4d700000)]
  0x000001c950e0a000 JavaThread "Unconstrained build operations Thread 118" [_thread_blocked, id=17664, stack(0x0000009e4d700000,0x0000009e4d800000)]
  0x000001c950e05000 JavaThread "Unconstrained build operations Thread 119" [_thread_blocked, id=8460, stack(0x0000009e4d800000,0x0000009e4d900000)]
  0x000001c950e07800 JavaThread "Unconstrained build operations Thread 120" [_thread_blocked, id=2468, stack(0x0000009e4d900000,0x0000009e4da00000)]
  0x000001c950e09000 JavaThread "jar transforms Thread 4" [_thread_blocked, id=16240, stack(0x0000009e4db00000,0x0000009e4dc00000)]
  0x000001c950e08800 JavaThread "jar transforms Thread 5" [_thread_blocked, id=11960, stack(0x0000009e4dc00000,0x0000009e4dd00000)]
  0x000001c950e06000 JavaThread "jar transforms Thread 6" [_thread_blocked, id=14036, stack(0x0000009e4dd00000,0x0000009e4de00000)]
  0x000001c955474000 JavaThread "jar transforms Thread 7" [_thread_blocked, id=11140, stack(0x0000009e4de00000,0x0000009e4df00000)]
  0x000001c955475800 JavaThread "jar transforms Thread 8" [_thread_blocked, id=6736, stack(0x0000009e4df00000,0x0000009e4e000000)]
  0x000001c955471800 JavaThread "jar transforms Thread 9" [_thread_blocked, id=4900, stack(0x0000009e4e000000,0x0000009e4e100000)]
  0x000001c955472000 JavaThread "jar transforms Thread 10" [_thread_blocked, id=17084, stack(0x0000009e4e100000,0x0000009e4e200000)]
  0x000001c955474800 JavaThread "jar transforms Thread 11" [_thread_blocked, id=11964, stack(0x0000009e4e200000,0x0000009e4e300000)]
  0x000001c955479000 JavaThread "jar transforms Thread 12" [_thread_blocked, id=17248, stack(0x0000009e4e300000,0x0000009e4e400000)]
  0x000001c9523e4800 JavaThread "C2 CompilerThread1" daemon [_thread_in_native, id=15732, stack(0x0000009e4da00000,0x0000009e4db00000)]
  0x000001c955476800 JavaThread "Memory manager" [_thread_blocked, id=8648, stack(0x0000009e4e400000,0x0000009e4e500000)]

Other Threads:
  0x000001c94fae7000 VMThread "VM Thread" [stack: 0x0000009e43200000,0x0000009e43300000] [id=3220]
  0x000001c94fcd9000 WatcherThread [stack: 0x0000009e43c00000,0x0000009e43d00000] [id=15624]
  0x000001c934242800 GCTaskThread "GC Thread#0" [stack: 0x0000009e42d00000,0x0000009e42e00000] [id=11008]
  0x000001c9508a6800 GCTaskThread "GC Thread#1" [stack: 0x0000009e43e00000,0x0000009e43f00000] [id=14896]
  0x000001c950a6d800 GCTaskThread "GC Thread#2" [stack: 0x0000009e43f00000,0x0000009e44000000] [id=4244]
  0x000001c950a6e000 GCTaskThread "GC Thread#3" [stack: 0x0000009e44000000,0x0000009e44100000] [id=3260]
  0x000001c950532000 GCTaskThread "GC Thread#4" [stack: 0x0000009e44100000,0x0000009e44200000] [id=5772]
  0x000001c950532800 GCTaskThread "GC Thread#5" [stack: 0x0000009e44200000,0x0000009e44300000] [id=10804]
  0x000001c951b7e800 GCTaskThread "GC Thread#6" [stack: 0x0000009e44f00000,0x0000009e45000000] [id=3900]
  0x000001c951b7f000 GCTaskThread "GC Thread#7" [stack: 0x0000009e45000000,0x0000009e45100000] [id=17760]
  0x000001c952607800 GCTaskThread "GC Thread#8" [stack: 0x0000009e45100000,0x0000009e45200000] [id=1700]
  0x000001c952608000 GCTaskThread "GC Thread#9" [stack: 0x0000009e45200000,0x0000009e45300000] [id=12888]
  0x000001c934272000 ConcurrentGCThread "G1 Main Marker" [stack: 0x0000009e42e00000,0x0000009e42f00000] [id=14424]
  0x000001c934274800 ConcurrentGCThread "G1 Conc#0" [stack: 0x0000009e42f00000,0x0000009e43000000] [id=14084]
  0x000001c952c0f000 ConcurrentGCThread "G1 Conc#1" [stack: 0x0000009e45300000,0x0000009e45400000] [id=18332]
  0x000001c9527bc000 ConcurrentGCThread "G1 Conc#2" [stack: 0x0000009e45400000,0x0000009e45500000] [id=4616]
  0x000001c94f115800 ConcurrentGCThread "G1 Refine#0" [stack: 0x0000009e43000000,0x0000009e43100000] [id=10320]
  0x000001c94f116800 ConcurrentGCThread "G1 Young RemSet Sampling" [stack: 0x0000009e43100000,0x0000009e43200000] [id=1452]

Threads with active compile tasks:
C2 CompilerThread0  16540 7511       4       org.gradle.internal.instantiation.generator.AbstractClassGenerator::inspectType (560 bytes)
C2 CompilerThread1  16540 7534       4       org.gradle.internal.reflect.ClassInspector::inspectClass (179 bytes)

VM state:not at safepoint (normal execution)

VM Mutex/Monitor currently owned by a thread: None

Heap address: 0x0000000080000000, size: 2048 MB, Compressed Oops mode: 32-bit
Narrow klass base: 0x0000000000000000, Narrow klass shift: 3
Compressed class space size: 1073741824 Address: 0x0000000100000000

Heap:
 garbage-first heap   total 260096K, used 131072K [0x0000000080000000, 0x0000000100000000)
  region size 1024K, 86 young (88064K), 12 survivors (12288K)
 Metaspace       used 78297K, capacity 80122K, committed 80380K, reserved 1118208K
  class space    used 10192K, capacity 10861K, committed 10880K, reserved 1048576K
Heap Regions: E=young(eden), S=young(survivor), O=old, HS=humongous(starts), HC=humongous(continues), CS=collection set, F=free, A=archive, TAMS=top-at-mark-start (previous, next)
|   0|0x0000000080000000, 0x0000000080100000, 0x0000000080100000|100%| O|  |TAMS 0x0000000080100000, 0x0000000080000000| Untracked 
|   1|0x0000000080100000, 0x0000000080200000, 0x0000000080200000|100%| O|  |TAMS 0x0000000080200000, 0x0000000080100000| Untracked 
|   2|0x0000000080200000, 0x0000000080300000, 0x0000000080300000|100%| O|  |TAMS 0x0000000080300000, 0x0000000080200000| Untracked 
|   3|0x0000000080300000, 0x0000000080400000, 0x0000000080400000|100%|HS|  |TAMS 0x0000000080400000, 0x0000000080300000| Complete 
|   4|0x0000000080400000, 0x0000000080500000, 0x0000000080500000|100%|HC|  |TAMS 0x0000000080500000, 0x0000000080400000| Complete 
|   5|0x0000000080500000, 0x0000000080600000, 0x0000000080600000|100%|HC|  |TAMS 0x0000000080600000, 0x0000000080500000| Complete 
|   6|0x0000000080600000, 0x0000000080700000, 0x0000000080700000|100%| O|  |TAMS 0x0000000080700000, 0x0000000080600000| Untracked 
|   7|0x0000000080700000, 0x0000000080800000, 0x0000000080800000|100%| O|  |TAMS 0x0000000080800000, 0x0000000080700000| Untracked 
|   8|0x0000000080800000, 0x0000000080900000, 0x0000000080900000|100%| O|  |TAMS 0x0000000080900000, 0x0000000080800000| Untracked 
|   9|0x0000000080900000, 0x0000000080a00000, 0x0000000080a00000|100%| O|  |TAMS 0x0000000080a00000, 0x0000000080900000| Untracked 
|  10|0x0000000080a00000, 0x0000000080b00000, 0x0000000080b00000|100%| O|  |TAMS 0x0000000080b00000, 0x0000000080a00000| Untracked 
|  11|0x0000000080b00000, 0x0000000080c00000, 0x0000000080c00000|100%| O|  |TAMS 0x0000000080c00000, 0x0000000080b00000| Untracked 
|  12|0x0000000080c00000, 0x0000000080d00000, 0x0000000080d00000|100%| O|  |TAMS 0x0000000080d00000, 0x0000000080c00000| Untracked 
|  13|0x0000000080d00000, 0x0000000080e00000, 0x0000000080e00000|100%| O|  |TAMS 0x0000000080e00000, 0x0000000080d00000| Untracked 
|  14|0x0000000080e00000, 0x0000000080f00000, 0x0000000080f00000|100%| O|  |TAMS 0x0000000080f00000, 0x0000000080e00000| Untracked 
|  15|0x0000000080f00000, 0x0000000081000000, 0x0000000081000000|100%| O|  |TAMS 0x0000000081000000, 0x0000000080f00000| Untracked 
|  16|0x0000000081000000, 0x0000000081100000, 0x0000000081100000|100%| O|  |TAMS 0x0000000081100000, 0x0000000081000000| Untracked 
|  17|0x0000000081100000, 0x0000000081200000, 0x0000000081200000|100%|HS|  |TAMS 0x0000000081200000, 0x0000000081100000| Complete 
|  18|0x0000000081200000, 0x0000000081300000, 0x0000000081300000|100%|HS|  |TAMS 0x0000000081300000, 0x0000000081200000| Complete 
|  19|0x0000000081300000, 0x0000000081400000, 0x0000000081400000|100%|HS|  |TAMS 0x0000000081400000, 0x0000000081300000| Complete 
|  20|0x0000000081400000, 0x0000000081500000, 0x0000000081500000|100%|HS|  |TAMS 0x0000000081500000, 0x0000000081400000| Complete 
|  21|0x0000000081500000, 0x0000000081600000, 0x0000000081600000|100%|HC|  |TAMS 0x0000000081600000, 0x0000000081500000| Complete 
|  22|0x0000000081600000, 0x0000000081700000, 0x0000000081700000|100%| O|  |TAMS 0x0000000081700000, 0x0000000081600000| Untracked 
|  23|0x0000000081700000, 0x0000000081800000, 0x0000000081800000|100%| O|  |TAMS 0x0000000081800000, 0x0000000081700000| Untracked 
|  24|0x0000000081800000, 0x0000000081900000, 0x0000000081900000|100%| O|  |TAMS 0x0000000081900000, 0x0000000081800000| Untracked 
|  25|0x0000000081900000, 0x0000000081a00000, 0x0000000081a00000|100%| O|  |TAMS 0x0000000081a00000, 0x0000000081900000| Untracked 
|  26|0x0000000081a00000, 0x0000000081b00000, 0x0000000081b00000|100%| O|  |TAMS 0x0000000081b00000, 0x0000000081a00000| Untracked 
|  27|0x0000000081b00000, 0x0000000081c00000, 0x0000000081c00000|100%| O|  |TAMS 0x0000000081c00000, 0x0000000081b00000| Untracked 
|  28|0x0000000081c00000, 0x0000000081d00000, 0x0000000081d00000|100%| O|  |TAMS 0x0000000081d00000, 0x0000000081c00000| Untracked 
|  29|0x0000000081d00000, 0x0000000081e00000, 0x0000000081e00000|100%| O|  |TAMS 0x0000000081e00000, 0x0000000081d00000| Untracked 
|  30|0x0000000081e00000, 0x0000000081f00000, 0x0000000081f00000|100%| O|  |TAMS 0x0000000081f00000, 0x0000000081e00000| Untracked 
|  31|0x0000000081f00000, 0x0000000082000000, 0x0000000082000000|100%| O|  |TAMS 0x0000000082000000, 0x0000000081f00000| Untracked 
|  32|0x0000000082000000, 0x0000000082100000, 0x0000000082100000|100%| O|  |TAMS 0x0000000082100000, 0x0000000082000000| Untracked 
|  33|0x0000000082100000, 0x0000000082200000, 0x0000000082200000|100%| O|  |TAMS 0x0000000082200000, 0x0000000082100000| Untracked 
|  34|0x0000000082200000, 0x0000000082200000, 0x0000000082300000|  0%| F|  |TAMS 0x0000000082200000, 0x0000000082200000| Untracked 
|  35|0x0000000082300000, 0x0000000082400000, 0x0000000082400000|100%| O|  |TAMS 0x0000000082400000, 0x0000000082300000| Untracked 
|  36|0x0000000082400000, 0x0000000082500000, 0x0000000082500000|100%| O|  |TAMS 0x0000000082500000, 0x0000000082400000| Untracked 
|  37|0x0000000082500000, 0x0000000082600000, 0x0000000082600000|100%| O|  |TAMS 0x0000000082600000, 0x0000000082500000| Untracked 
|  38|0x0000000082600000, 0x0000000082700000, 0x0000000082700000|100%| O|  |TAMS 0x0000000082700000, 0x0000000082600000| Untracked 
|  39|0x0000000082700000, 0x0000000082800000, 0x0000000082800000|100%| O|  |TAMS 0x0000000082800000, 0x0000000082700000| Untracked 
|  40|0x0000000082800000, 0x0000000082900000, 0x0000000082900000|100%| O|  |TAMS 0x0000000082900000, 0x0000000082800000| Untracked 
|  41|0x0000000082900000, 0x0000000082a00000, 0x0000000082a00000|100%| O|  |TAMS 0x0000000082a00000, 0x0000000082900000| Untracked 
|  42|0x0000000082a00000, 0x0000000082b00000, 0x0000000082b00000|100%| O|  |TAMS 0x0000000082b00000, 0x0000000082a00000| Untracked 
|  43|0x0000000082b00000, 0x0000000082c00000, 0x0000000082c00000|100%| O|  |TAMS 0x0000000082c00000, 0x0000000082b00000| Untracked 
|  44|0x0000000082c00000, 0x0000000082c00000, 0x0000000082d00000|  0%| F|  |TAMS 0x0000000082c00000, 0x0000000082c00000| Untracked 
|  45|0x0000000082d00000, 0x0000000082d00000, 0x0000000082e00000|  0%| F|  |TAMS 0x0000000082d00000, 0x0000000082d00000| Untracked 
|  46|0x0000000082e00000, 0x0000000082e00000, 0x0000000082f00000|  0%| F|  |TAMS 0x0000000082e00000, 0x0000000082e00000| Untracked 
|  47|0x0000000082f00000, 0x0000000082f00000, 0x0000000083000000|  0%| F|  |TAMS 0x0000000082f00000, 0x0000000082f00000| Untracked 
|  48|0x0000000083000000, 0x0000000083000000, 0x0000000083100000|  0%| F|  |TAMS 0x0000000083000000, 0x0000000083000000| Untracked 
|  49|0x0000000083100000, 0x0000000083100000, 0x0000000083200000|  0%| F|  |TAMS 0x0000000083100000, 0x0000000083100000| Untracked 
|  50|0x0000000083200000, 0x0000000083200000, 0x0000000083300000|  0%| F|  |TAMS 0x0000000083200000, 0x0000000083200000| Untracked 
|  51|0x0000000083300000, 0x0000000083300000, 0x0000000083400000|  0%| F|  |TAMS 0x0000000083300000, 0x0000000083300000| Untracked 
|  52|0x0000000083400000, 0x0000000083400000, 0x0000000083500000|  0%| F|  |TAMS 0x0000000083400000, 0x0000000083400000| Untracked 
|  53|0x0000000083500000, 0x0000000083500000, 0x0000000083600000|  0%| F|  |TAMS 0x0000000083500000, 0x0000000083500000| Untracked 
|  54|0x0000000083600000, 0x0000000083600000, 0x0000000083700000|  0%| F|  |TAMS 0x0000000083600000, 0x0000000083600000| Untracked 
|  55|0x0000000083700000, 0x0000000083700000, 0x0000000083800000|  0%| F|  |TAMS 0x0000000083700000, 0x0000000083700000| Untracked 
|  56|0x0000000083800000, 0x0000000083800000, 0x0000000083900000|  0%| F|  |TAMS 0x0000000083800000, 0x0000000083800000| Untracked 
|  57|0x0000000083900000, 0x0000000083900000, 0x0000000083a00000|  0%| F|  |TAMS 0x0000000083900000, 0x0000000083900000| Untracked 
|  58|0x0000000083a00000, 0x0000000083a00000, 0x0000000083b00000|  0%| F|  |TAMS 0x0000000083a00000, 0x0000000083a00000| Untracked 
|  59|0x0000000083b00000, 0x0000000083b00000, 0x0000000083c00000|  0%| F|  |TAMS 0x0000000083b00000, 0x0000000083b00000| Untracked 
|  60|0x0000000083c00000, 0x0000000083c00000, 0x0000000083d00000|  0%| F|  |TAMS 0x0000000083c00000, 0x0000000083c00000| Untracked 
|  61|0x0000000083d00000, 0x0000000083d00000, 0x0000000083e00000|  0%| F|  |TAMS 0x0000000083d00000, 0x0000000083d00000| Untracked 
|  62|0x0000000083e00000, 0x0000000083e00000, 0x0000000083f00000|  0%| F|  |TAMS 0x0000000083e00000, 0x0000000083e00000| Untracked 
|  63|0x0000000083f00000, 0x0000000083f00000, 0x0000000084000000|  0%| F|  |TAMS 0x0000000083f00000, 0x0000000083f00000| Untracked 
|  64|0x0000000084000000, 0x0000000084000000, 0x0000000084100000|  0%| F|  |TAMS 0x0000000084000000, 0x0000000084000000| Untracked 
|  65|0x0000000084100000, 0x0000000084100000, 0x0000000084200000|  0%| F|  |TAMS 0x0000000084100000, 0x0000000084100000| Untracked 
|  66|0x0000000084200000, 0x0000000084200000, 0x0000000084300000|  0%| F|  |TAMS 0x0000000084200000, 0x0000000084200000| Untracked 
|  67|0x0000000084300000, 0x0000000084300000, 0x0000000084400000|  0%| F|  |TAMS 0x0000000084300000, 0x0000000084300000| Untracked 
|  68|0x0000000084400000, 0x0000000084400000, 0x0000000084500000|  0%| F|  |TAMS 0x0000000084400000, 0x0000000084400000| Untracked 
|  69|0x0000000084500000, 0x0000000084500000, 0x0000000084600000|  0%| F|  |TAMS 0x0000000084500000, 0x0000000084500000| Untracked 
|  70|0x0000000084600000, 0x0000000084600000, 0x0000000084700000|  0%| F|  |TAMS 0x0000000084600000, 0x0000000084600000| Untracked 
|  71|0x0000000084700000, 0x0000000084700000, 0x0000000084800000|  0%| F|  |TAMS 0x0000000084700000, 0x0000000084700000| Untracked 
|  72|0x0000000084800000, 0x0000000084800000, 0x0000000084900000|  0%| F|  |TAMS 0x0000000084800000, 0x0000000084800000| Untracked 
|  73|0x0000000084900000, 0x0000000084900000, 0x0000000084a00000|  0%| F|  |TAMS 0x0000000084900000, 0x0000000084900000| Untracked 
|  74|0x0000000084a00000, 0x0000000084a00000, 0x0000000084b00000|  0%| F|  |TAMS 0x0000000084a00000, 0x0000000084a00000| Untracked 
|  75|0x0000000084b00000, 0x0000000084b00000, 0x0000000084c00000|  0%| F|  |TAMS 0x0000000084b00000, 0x0000000084b00000| Untracked 
|  76|0x0000000084c00000, 0x0000000084c00000, 0x0000000084d00000|  0%| F|  |TAMS 0x0000000084c00000, 0x0000000084c00000| Untracked 
|  77|0x0000000084d00000, 0x0000000084d00000, 0x0000000084e00000|  0%| F|  |TAMS 0x0000000084d00000, 0x0000000084d00000| Untracked 
|  78|0x0000000084e00000, 0x0000000084e00000, 0x0000000084f00000|  0%| F|  |TAMS 0x0000000084e00000, 0x0000000084e00000| Untracked 
|  79|0x0000000084f00000, 0x0000000084f00000, 0x0000000085000000|  0%| F|  |TAMS 0x0000000084f00000, 0x0000000084f00000| Untracked 
|  80|0x0000000085000000, 0x0000000085000000, 0x0000000085100000|  0%| F|  |TAMS 0x0000000085000000, 0x0000000085000000| Untracked 
|  81|0x0000000085100000, 0x0000000085100000, 0x0000000085200000|  0%| F|  |TAMS 0x0000000085100000, 0x0000000085100000| Untracked 
|  82|0x0000000085200000, 0x0000000085200000, 0x0000000085300000|  0%| F|  |TAMS 0x0000000085200000, 0x0000000085200000| Untracked 
|  83|0x0000000085300000, 0x0000000085300000, 0x0000000085400000|  0%| F|  |TAMS 0x0000000085300000, 0x0000000085300000| Untracked 
|  84|0x0000000085400000, 0x0000000085400000, 0x0000000085500000|  0%| F|  |TAMS 0x0000000085400000, 0x0000000085400000| Untracked 
|  85|0x0000000085500000, 0x0000000085500000, 0x0000000085600000|  0%| F|  |TAMS 0x0000000085500000, 0x0000000085500000| Untracked 
|  86|0x0000000085600000, 0x0000000085600000, 0x0000000085700000|  0%| F|  |TAMS 0x0000000085600000, 0x0000000085600000| Untracked 
|  87|0x0000000085700000, 0x0000000085700000, 0x0000000085800000|  0%| F|  |TAMS 0x0000000085700000, 0x0000000085700000| Untracked 
|  88|0x0000000085800000, 0x0000000085800000, 0x0000000085900000|  0%| F|  |TAMS 0x0000000085800000, 0x0000000085800000| Untracked 
|  89|0x0000000085900000, 0x0000000085900000, 0x0000000085a00000|  0%| F|  |TAMS 0x0000000085900000, 0x0000000085900000| Untracked 
|  90|0x0000000085a00000, 0x0000000085a00000, 0x0000000085b00000|  0%| F|  |TAMS 0x0000000085a00000, 0x0000000085a00000| Untracked 
|  91|0x0000000085b00000, 0x0000000085b00000, 0x0000000085c00000|  0%| F|  |TAMS 0x0000000085b00000, 0x0000000085b00000| Untracked 
|  92|0x0000000085c00000, 0x0000000085c00000, 0x0000000085d00000|  0%| F|  |TAMS 0x0000000085c00000, 0x0000000085c00000| Untracked 
|  93|0x0000000085d00000, 0x0000000085d00000, 0x0000000085e00000|  0%| F|  |TAMS 0x0000000085d00000, 0x0000000085d00000| Untracked 
|  94|0x0000000085e00000, 0x0000000085f00000, 0x0000000085f00000|100%| S|CS|TAMS 0x0000000085e00000, 0x0000000085e00000| Complete 
|  95|0x0000000085f00000, 0x0000000086000000, 0x0000000086000000|100%| S|CS|TAMS 0x0000000085f00000, 0x0000000085f00000| Complete 
|  96|0x0000000086000000, 0x0000000086100000, 0x0000000086100000|100%| S|CS|TAMS 0x0000000086000000, 0x0000000086000000| Complete 
|  97|0x0000000086100000, 0x0000000086200000, 0x0000000086200000|100%| S|CS|TAMS 0x0000000086100000, 0x0000000086100000| Complete 
|  98|0x0000000086200000, 0x0000000086300000, 0x0000000086300000|100%| S|CS|TAMS 0x0000000086200000, 0x0000000086200000| Complete 
|  99|0x0000000086300000, 0x0000000086400000, 0x0000000086400000|100%| S|CS|TAMS 0x0000000086300000, 0x0000000086300000| Complete 
| 100|0x0000000086400000, 0x0000000086500000, 0x0000000086500000|100%| S|CS|TAMS 0x0000000086400000, 0x0000000086400000| Complete 
| 101|0x0000000086500000, 0x0000000086600000, 0x0000000086600000|100%| S|CS|TAMS 0x0000000086500000, 0x0000000086500000| Complete 
| 102|0x0000000086600000, 0x0000000086700000, 0x0000000086700000|100%| S|CS|TAMS 0x0000000086600000, 0x0000000086600000| Complete 
| 103|0x0000000086700000, 0x0000000086800000, 0x0000000086800000|100%| S|CS|TAMS 0x0000000086700000, 0x0000000086700000| Complete 
| 104|0x0000000086800000, 0x0000000086900000, 0x0000000086900000|100%| S|CS|TAMS 0x0000000086800000, 0x0000000086800000| Complete 
| 105|0x0000000086900000, 0x0000000086a00000, 0x0000000086a00000|100%| S|CS|TAMS 0x0000000086900000, 0x0000000086900000| Complete 
| 106|0x0000000086a00000, 0x0000000086a00000, 0x0000000086b00000|  0%| F|  |TAMS 0x0000000086a00000, 0x0000000086a00000| Untracked 
| 107|0x0000000086b00000, 0x0000000086b00000, 0x0000000086c00000|  0%| F|  |TAMS 0x0000000086b00000, 0x0000000086b00000| Untracked 
| 108|0x0000000086c00000, 0x0000000086c00000, 0x0000000086d00000|  0%| F|  |TAMS 0x0000000086c00000, 0x0000000086c00000| Untracked 
| 109|0x0000000086d00000, 0x0000000086d00000, 0x0000000086e00000|  0%| F|  |TAMS 0x0000000086d00000, 0x0000000086d00000| Untracked 
| 110|0x0000000086e00000, 0x0000000086e00000, 0x0000000086f00000|  0%| F|  |TAMS 0x0000000086e00000, 0x0000000086e00000| Untracked 
| 111|0x0000000086f00000, 0x0000000086f00000, 0x0000000087000000|  0%| F|  |TAMS 0x0000000086f00000, 0x0000000086f00000| Untracked 
| 112|0x0000000087000000, 0x0000000087000000, 0x0000000087100000|  0%| F|  |TAMS 0x0000000087000000, 0x0000000087000000| Untracked 
| 113|0x0000000087100000, 0x0000000087100000, 0x0000000087200000|  0%| F|  |TAMS 0x0000000087100000, 0x0000000087100000| Untracked 
| 114|0x0000000087200000, 0x0000000087200000, 0x0000000087300000|  0%| F|  |TAMS 0x0000000087200000, 0x0000000087200000| Untracked 
| 115|0x0000000087300000, 0x0000000087300000, 0x0000000087400000|  0%| F|  |TAMS 0x0000000087300000, 0x0000000087300000| Untracked 
| 116|0x0000000087400000, 0x0000000087400000, 0x0000000087500000|  0%| F|  |TAMS 0x0000000087400000, 0x0000000087400000| Untracked 
| 117|0x0000000087500000, 0x0000000087500000, 0x0000000087600000|  0%| F|  |TAMS 0x0000000087500000, 0x0000000087500000| Untracked 
| 118|0x0000000087600000, 0x0000000087600000, 0x0000000087700000|  0%| F|  |TAMS 0x0000000087600000, 0x0000000087600000| Untracked 
| 119|0x0000000087700000, 0x0000000087700000, 0x0000000087800000|  0%| F|  |TAMS 0x0000000087700000, 0x0000000087700000| Untracked 
| 120|0x0000000087800000, 0x0000000087800000, 0x0000000087900000|  0%| F|  |TAMS 0x0000000087800000, 0x0000000087800000| Untracked 
| 121|0x0000000087900000, 0x0000000087900000, 0x0000000087a00000|  0%| F|  |TAMS 0x0000000087900000, 0x0000000087900000| Untracked 
| 122|0x0000000087a00000, 0x0000000087a00000, 0x0000000087b00000|  0%| F|  |TAMS 0x0000000087a00000, 0x0000000087a00000| Untracked 
| 123|0x0000000087b00000, 0x0000000087b00000, 0x0000000087c00000|  0%| F|  |TAMS 0x0000000087b00000, 0x0000000087b00000| Untracked 
| 124|0x0000000087c00000, 0x0000000087c00000, 0x0000000087d00000|  0%| F|  |TAMS 0x0000000087c00000, 0x0000000087c00000| Untracked 
| 125|0x0000000087d00000, 0x0000000087d00000, 0x0000000087e00000|  0%| F|  |TAMS 0x0000000087d00000, 0x0000000087d00000| Untracked 
| 126|0x0000000087e00000, 0x0000000087e00000, 0x0000000087f00000|  0%| F|  |TAMS 0x0000000087e00000, 0x0000000087e00000| Untracked 
| 127|0x0000000087f00000, 0x0000000087f00000, 0x0000000088000000|  0%| F|  |TAMS 0x0000000087f00000, 0x0000000087f00000| Untracked 
| 128|0x0000000088000000, 0x0000000088000000, 0x0000000088100000|  0%| F|  |TAMS 0x0000000088000000, 0x0000000088000000| Untracked 
| 129|0x0000000088100000, 0x0000000088100000, 0x0000000088200000|  0%| F|  |TAMS 0x0000000088100000, 0x0000000088100000| Untracked 
| 130|0x0000000088200000, 0x0000000088200000, 0x0000000088300000|  0%| F|  |TAMS 0x0000000088200000, 0x0000000088200000| Untracked 
| 131|0x0000000088300000, 0x0000000088300000, 0x0000000088400000|  0%| F|  |TAMS 0x0000000088300000, 0x0000000088300000| Untracked 
| 132|0x0000000088400000, 0x0000000088400000, 0x0000000088500000|  0%| F|  |TAMS 0x0000000088400000, 0x0000000088400000| Untracked 
| 133|0x0000000088500000, 0x0000000088500000, 0x0000000088600000|  0%| F|  |TAMS 0x0000000088500000, 0x0000000088500000| Untracked 
| 134|0x0000000088600000, 0x0000000088600000, 0x0000000088700000|  0%| F|  |TAMS 0x0000000088600000, 0x0000000088600000| Untracked 
| 135|0x0000000088700000, 0x0000000088700000, 0x0000000088800000|  0%| F|  |TAMS 0x0000000088700000, 0x0000000088700000| Untracked 
| 136|0x0000000088800000, 0x0000000088800000, 0x0000000088900000|  0%| F|  |TAMS 0x0000000088800000, 0x0000000088800000| Untracked 
| 137|0x0000000088900000, 0x0000000088900000, 0x0000000088a00000|  0%| F|  |TAMS 0x0000000088900000, 0x0000000088900000| Untracked 
| 138|0x0000000088a00000, 0x0000000088a00000, 0x0000000088b00000|  0%| F|  |TAMS 0x0000000088a00000, 0x0000000088a00000| Untracked 
| 139|0x0000000088b00000, 0x0000000088b00000, 0x0000000088c00000|  0%| F|  |TAMS 0x0000000088b00000, 0x0000000088b00000| Untracked 
| 140|0x0000000088c00000, 0x0000000088c00000, 0x0000000088d00000|  0%| F|  |TAMS 0x0000000088c00000, 0x0000000088c00000| Untracked 
| 141|0x0000000088d00000, 0x0000000088d00000, 0x0000000088e00000|  0%| F|  |TAMS 0x0000000088d00000, 0x0000000088d00000| Untracked 
| 142|0x0000000088e00000, 0x0000000088e00000, 0x0000000088f00000|  0%| F|  |TAMS 0x0000000088e00000, 0x0000000088e00000| Untracked 
| 143|0x0000000088f00000, 0x0000000088f00000, 0x0000000089000000|  0%| F|  |TAMS 0x0000000088f00000, 0x0000000088f00000| Untracked 
| 144|0x0000000089000000, 0x0000000089000000, 0x0000000089100000|  0%| F|  |TAMS 0x0000000089000000, 0x0000000089000000| Untracked 
| 145|0x0000000089100000, 0x0000000089100000, 0x0000000089200000|  0%| F|  |TAMS 0x0000000089100000, 0x0000000089100000| Untracked 
| 146|0x0000000089200000, 0x0000000089200000, 0x0000000089300000|  0%| F|  |TAMS 0x0000000089200000, 0x0000000089200000| Untracked 
| 147|0x0000000089300000, 0x0000000089300000, 0x0000000089400000|  0%| F|  |TAMS 0x0000000089300000, 0x0000000089300000| Untracked 
| 148|0x0000000089400000, 0x0000000089400000, 0x0000000089500000|  0%| F|  |TAMS 0x0000000089400000, 0x0000000089400000| Untracked 
| 149|0x0000000089500000, 0x0000000089500000, 0x0000000089600000|  0%| F|  |TAMS 0x0000000089500000, 0x0000000089500000| Untracked 
| 150|0x0000000089600000, 0x0000000089600000, 0x0000000089700000|  0%| F|  |TAMS 0x0000000089600000, 0x0000000089600000| Untracked 
| 151|0x0000000089700000, 0x0000000089700000, 0x0000000089800000|  0%| F|  |TAMS 0x0000000089700000, 0x0000000089700000| Untracked 
| 152|0x0000000089800000, 0x0000000089800000, 0x0000000089900000|  0%| F|  |TAMS 0x0000000089800000, 0x0000000089800000| Untracked 
| 153|0x0000000089900000, 0x0000000089900000, 0x0000000089a00000|  0%| F|  |TAMS 0x0000000089900000, 0x0000000089900000| Untracked 
| 154|0x0000000089a00000, 0x0000000089a00000, 0x0000000089b00000|  0%| F|  |TAMS 0x0000000089a00000, 0x0000000089a00000| Untracked 
| 155|0x0000000089b00000, 0x0000000089b00000, 0x0000000089c00000|  0%| F|  |TAMS 0x0000000089b00000, 0x0000000089b00000| Untracked 
| 156|0x0000000089c00000, 0x0000000089c00000, 0x0000000089d00000|  0%| F|  |TAMS 0x0000000089c00000, 0x0000000089c00000| Untracked 
| 157|0x0000000089d00000, 0x0000000089d00000, 0x0000000089e00000|  0%| F|  |TAMS 0x0000000089d00000, 0x0000000089d00000| Untracked 
| 158|0x0000000089e00000, 0x0000000089e00000, 0x0000000089f00000|  0%| F|  |TAMS 0x0000000089e00000, 0x0000000089e00000| Untracked 
| 159|0x0000000089f00000, 0x0000000089f00000, 0x000000008a000000|  0%| F|  |TAMS 0x0000000089f00000, 0x0000000089f00000| Untracked 
| 160|0x000000008a000000, 0x000000008a000000, 0x000000008a100000|  0%| F|  |TAMS 0x000000008a000000, 0x000000008a000000| Untracked 
| 161|0x000000008a100000, 0x000000008a100000, 0x000000008a200000|  0%| F|  |TAMS 0x000000008a100000, 0x000000008a100000| Untracked 
| 162|0x000000008a200000, 0x000000008a200000, 0x000000008a300000|  0%| F|  |TAMS 0x000000008a200000, 0x000000008a200000| Untracked 
| 163|0x000000008a300000, 0x000000008a300000, 0x000000008a400000|  0%| F|  |TAMS 0x000000008a300000, 0x000000008a300000| Untracked 
| 164|0x000000008a400000, 0x000000008a400000, 0x000000008a500000|  0%| F|  |TAMS 0x000000008a400000, 0x000000008a400000| Untracked 
| 165|0x000000008a500000, 0x000000008a500000, 0x000000008a600000|  0%| F|  |TAMS 0x000000008a500000, 0x000000008a500000| Untracked 
| 166|0x000000008a600000, 0x000000008a600000, 0x000000008a700000|  0%| F|  |TAMS 0x000000008a600000, 0x000000008a600000| Untracked 
| 167|0x000000008a700000, 0x000000008a700000, 0x000000008a800000|  0%| F|  |TAMS 0x000000008a700000, 0x000000008a700000| Untracked 
| 168|0x000000008a800000, 0x000000008a800000, 0x000000008a900000|  0%| F|  |TAMS 0x000000008a800000, 0x000000008a800000| Untracked 
| 169|0x000000008a900000, 0x000000008a900000, 0x000000008aa00000|  0%| F|  |TAMS 0x000000008a900000, 0x000000008a900000| Untracked 
| 170|0x000000008aa00000, 0x000000008aa00000, 0x000000008ab00000|  0%| F|  |TAMS 0x000000008aa00000, 0x000000008aa00000| Untracked 
| 171|0x000000008ab00000, 0x000000008ab00000, 0x000000008ac00000|  0%| F|  |TAMS 0x000000008ab00000, 0x000000008ab00000| Untracked 
| 172|0x000000008ac00000, 0x000000008ac00000, 0x000000008ad00000|  0%| F|  |TAMS 0x000000008ac00000, 0x000000008ac00000| Untracked 
| 173|0x000000008ad00000, 0x000000008ad00000, 0x000000008ae00000|  0%| F|  |TAMS 0x000000008ad00000, 0x000000008ad00000| Untracked 
| 174|0x000000008ae00000, 0x000000008ae00000, 0x000000008af00000|  0%| F|  |TAMS 0x000000008ae00000, 0x000000008ae00000| Untracked 
| 175|0x000000008af00000, 0x000000008af00000, 0x000000008b000000|  0%| F|  |TAMS 0x000000008af00000, 0x000000008af00000| Untracked 
| 176|0x000000008b000000, 0x000000008b000000, 0x000000008b100000|  0%| F|  |TAMS 0x000000008b000000, 0x000000008b000000| Untracked 
| 177|0x000000008b100000, 0x000000008b100000, 0x000000008b200000|  0%| F|  |TAMS 0x000000008b100000, 0x000000008b100000| Untracked 
| 178|0x000000008b200000, 0x000000008b200000, 0x000000008b300000|  0%| F|  |TAMS 0x000000008b200000, 0x000000008b200000| Untracked 
| 179|0x000000008b300000, 0x000000008b300000, 0x000000008b400000|  0%| F|  |TAMS 0x000000008b300000, 0x000000008b300000| Untracked 
| 180|0x000000008b400000, 0x000000008b480800, 0x000000008b500000| 50%| E|  |TAMS 0x000000008b400000, 0x000000008b400000| Complete 
| 181|0x000000008b500000, 0x000000008b600000, 0x000000008b600000|100%| E|CS|TAMS 0x000000008b500000, 0x000000008b500000| Complete 
| 182|0x000000008b600000, 0x000000008b700000, 0x000000008b700000|100%| E|CS|TAMS 0x000000008b600000, 0x000000008b600000| Complete 
| 183|0x000000008b700000, 0x000000008b800000, 0x000000008b800000|100%| E|CS|TAMS 0x000000008b700000, 0x000000008b700000| Complete 
| 184|0x000000008b800000, 0x000000008b900000, 0x000000008b900000|100%| E|CS|TAMS 0x000000008b800000, 0x000000008b800000| Complete 
| 185|0x000000008b900000, 0x000000008ba00000, 0x000000008ba00000|100%| E|CS|TAMS 0x000000008b900000, 0x000000008b900000| Complete 
| 186|0x000000008ba00000, 0x000000008bb00000, 0x000000008bb00000|100%| E|CS|TAMS 0x000000008ba00000, 0x000000008ba00000| Complete 
| 187|0x000000008bb00000, 0x000000008bc00000, 0x000000008bc00000|100%| E|CS|TAMS 0x000000008bb00000, 0x000000008bb00000| Complete 
| 188|0x000000008bc00000, 0x000000008bd00000, 0x000000008bd00000|100%| E|CS|TAMS 0x000000008bc00000, 0x000000008bc00000| Complete 
| 189|0x000000008bd00000, 0x000000008be00000, 0x000000008be00000|100%| E|CS|TAMS 0x000000008bd00000, 0x000000008bd00000| Complete 
| 190|0x000000008be00000, 0x000000008bf00000, 0x000000008bf00000|100%| E|CS|TAMS 0x000000008be00000, 0x000000008be00000| Complete 
| 191|0x000000008bf00000, 0x000000008c000000, 0x000000008c000000|100%| E|CS|TAMS 0x000000008bf00000, 0x000000008bf00000| Complete 
| 192|0x000000008c000000, 0x000000008c100000, 0x000000008c100000|100%| E|CS|TAMS 0x000000008c000000, 0x000000008c000000| Complete 
| 193|0x000000008c100000, 0x000000008c200000, 0x000000008c200000|100%| E|CS|TAMS 0x000000008c100000, 0x000000008c100000| Complete 
| 194|0x000000008c200000, 0x000000008c300000, 0x000000008c300000|100%| E|CS|TAMS 0x000000008c200000, 0x000000008c200000| Complete 
| 195|0x000000008c300000, 0x000000008c400000, 0x000000008c400000|100%| E|CS|TAMS 0x000000008c300000, 0x000000008c300000| Complete 
| 196|0x000000008c400000, 0x000000008c500000, 0x000000008c500000|100%| E|CS|TAMS 0x000000008c400000, 0x000000008c400000| Complete 
| 197|0x000000008c500000, 0x000000008c600000, 0x000000008c600000|100%| E|CS|TAMS 0x000000008c500000, 0x000000008c500000| Complete 
| 198|0x000000008c600000, 0x000000008c700000, 0x000000008c700000|100%| E|CS|TAMS 0x000000008c600000, 0x000000008c600000| Complete 
| 199|0x000000008c700000, 0x000000008c800000, 0x000000008c800000|100%| E|CS|TAMS 0x000000008c700000, 0x000000008c700000| Complete 
| 200|0x000000008c800000, 0x000000008c900000, 0x000000008c900000|100%| E|CS|TAMS 0x000000008c800000, 0x000000008c800000| Complete 
| 201|0x000000008c900000, 0x000000008ca00000, 0x000000008ca00000|100%| E|CS|TAMS 0x000000008c900000, 0x000000008c900000| Complete 
| 202|0x000000008ca00000, 0x000000008cb00000, 0x000000008cb00000|100%| E|CS|TAMS 0x000000008ca00000, 0x000000008ca00000| Complete 
| 203|0x000000008cb00000, 0x000000008cc00000, 0x000000008cc00000|100%| E|CS|TAMS 0x000000008cb00000, 0x000000008cb00000| Complete 
| 204|0x000000008cc00000, 0x000000008cd00000, 0x000000008cd00000|100%| E|CS|TAMS 0x000000008cc00000, 0x000000008cc00000| Complete 
| 205|0x000000008cd00000, 0x000000008ce00000, 0x000000008ce00000|100%| E|CS|TAMS 0x000000008cd00000, 0x000000008cd00000| Complete 
| 206|0x000000008ce00000, 0x000000008cf00000, 0x000000008cf00000|100%| E|CS|TAMS 0x000000008ce00000, 0x000000008ce00000| Complete 
| 207|0x000000008cf00000, 0x000000008d000000, 0x000000008d000000|100%| E|CS|TAMS 0x000000008cf00000, 0x000000008cf00000| Complete 
| 208|0x000000008d000000, 0x000000008d100000, 0x000000008d100000|100%| E|CS|TAMS 0x000000008d000000, 0x000000008d000000| Complete 
| 209|0x000000008d100000, 0x000000008d200000, 0x000000008d200000|100%| E|CS|TAMS 0x000000008d100000, 0x000000008d100000| Complete 
| 210|0x000000008d200000, 0x000000008d300000, 0x000000008d300000|100%| E|CS|TAMS 0x000000008d200000, 0x000000008d200000| Complete 
| 211|0x000000008d300000, 0x000000008d400000, 0x000000008d400000|100%| E|CS|TAMS 0x000000008d300000, 0x000000008d300000| Complete 
| 212|0x000000008d400000, 0x000000008d500000, 0x000000008d500000|100%| E|CS|TAMS 0x000000008d400000, 0x000000008d400000| Complete 
| 213|0x000000008d500000, 0x000000008d600000, 0x000000008d600000|100%| E|CS|TAMS 0x000000008d500000, 0x000000008d500000| Complete 
| 214|0x000000008d600000, 0x000000008d700000, 0x000000008d700000|100%| E|CS|TAMS 0x000000008d600000, 0x000000008d600000| Complete 
| 215|0x000000008d700000, 0x000000008d800000, 0x000000008d800000|100%| E|CS|TAMS 0x000000008d700000, 0x000000008d700000| Complete 
| 216|0x000000008d800000, 0x000000008d900000, 0x000000008d900000|100%| E|CS|TAMS 0x000000008d800000, 0x000000008d800000| Complete 
| 217|0x000000008d900000, 0x000000008da00000, 0x000000008da00000|100%| E|CS|TAMS 0x000000008d900000, 0x000000008d900000| Complete 
| 218|0x000000008da00000, 0x000000008db00000, 0x000000008db00000|100%| E|CS|TAMS 0x000000008da00000, 0x000000008da00000| Complete 
| 219|0x000000008db00000, 0x000000008dc00000, 0x000000008dc00000|100%| E|CS|TAMS 0x000000008db00000, 0x000000008db00000| Complete 
| 220|0x000000008dc00000, 0x000000008dd00000, 0x000000008dd00000|100%| E|CS|TAMS 0x000000008dc00000, 0x000000008dc00000| Complete 
| 221|0x000000008dd00000, 0x000000008de00000, 0x000000008de00000|100%| E|CS|TAMS 0x000000008dd00000, 0x000000008dd00000| Complete 
| 222|0x000000008de00000, 0x000000008df00000, 0x000000008df00000|100%| E|CS|TAMS 0x000000008de00000, 0x000000008de00000| Complete 
| 223|0x000000008df00000, 0x000000008e000000, 0x000000008e000000|100%| E|CS|TAMS 0x000000008df00000, 0x000000008df00000| Complete 
| 224|0x000000008e000000, 0x000000008e100000, 0x000000008e100000|100%| E|CS|TAMS 0x000000008e000000, 0x000000008e000000| Complete 
| 225|0x000000008e100000, 0x000000008e200000, 0x000000008e200000|100%| E|CS|TAMS 0x000000008e100000, 0x000000008e100000| Complete 
| 226|0x000000008e200000, 0x000000008e300000, 0x000000008e300000|100%| E|CS|TAMS 0x000000008e200000, 0x000000008e200000| Complete 
| 227|0x000000008e300000, 0x000000008e400000, 0x000000008e400000|100%| E|CS|TAMS 0x000000008e300000, 0x000000008e300000| Complete 
| 228|0x000000008e400000, 0x000000008e500000, 0x000000008e500000|100%| E|CS|TAMS 0x000000008e400000, 0x000000008e400000| Complete 
| 229|0x000000008e500000, 0x000000008e600000, 0x000000008e600000|100%| E|CS|TAMS 0x000000008e500000, 0x000000008e500000| Complete 
| 230|0x000000008e600000, 0x000000008e700000, 0x000000008e700000|100%| E|CS|TAMS 0x000000008e600000, 0x000000008e600000| Complete 
| 231|0x000000008e700000, 0x000000008e800000, 0x000000008e800000|100%| E|CS|TAMS 0x000000008e700000, 0x000000008e700000| Complete 
| 232|0x000000008e800000, 0x000000008e900000, 0x000000008e900000|100%| E|CS|TAMS 0x000000008e800000, 0x000000008e800000| Complete 
| 233|0x000000008e900000, 0x000000008ea00000, 0x000000008ea00000|100%| E|CS|TAMS 0x000000008e900000, 0x000000008e900000| Complete 
| 234|0x000000008ea00000, 0x000000008eb00000, 0x000000008eb00000|100%| E|CS|TAMS 0x000000008ea00000, 0x000000008ea00000| Complete 
| 235|0x000000008eb00000, 0x000000008ec00000, 0x000000008ec00000|100%| E|CS|TAMS 0x000000008eb00000, 0x000000008eb00000| Complete 
| 236|0x000000008ec00000, 0x000000008ed00000, 0x000000008ed00000|100%| E|CS|TAMS 0x000000008ec00000, 0x000000008ec00000| Complete 
| 237|0x000000008ed00000, 0x000000008ee00000, 0x000000008ee00000|100%| E|CS|TAMS 0x000000008ed00000, 0x000000008ed00000| Complete 
| 238|0x000000008ee00000, 0x000000008ef00000, 0x000000008ef00000|100%| E|CS|TAMS 0x000000008ee00000, 0x000000008ee00000| Complete 
| 239|0x000000008ef00000, 0x000000008f000000, 0x000000008f000000|100%| E|CS|TAMS 0x000000008ef00000, 0x000000008ef00000| Complete 
| 240|0x000000008f000000, 0x000000008f100000, 0x000000008f100000|100%| E|CS|TAMS 0x000000008f000000, 0x000000008f000000| Complete 
| 241|0x000000008f100000, 0x000000008f200000, 0x000000008f200000|100%| E|CS|TAMS 0x000000008f100000, 0x000000008f100000| Complete 
| 242|0x000000008f200000, 0x000000008f300000, 0x000000008f300000|100%| E|CS|TAMS 0x000000008f200000, 0x000000008f200000| Complete 
| 243|0x000000008f300000, 0x000000008f400000, 0x000000008f400000|100%| E|CS|TAMS 0x000000008f300000, 0x000000008f300000| Complete 
| 244|0x000000008f400000, 0x000000008f500000, 0x000000008f500000|100%| E|CS|TAMS 0x000000008f400000, 0x000000008f400000| Complete 
| 245|0x000000008f500000, 0x000000008f600000, 0x000000008f600000|100%| E|CS|TAMS 0x000000008f500000, 0x000000008f500000| Complete 
| 246|0x000000008f600000, 0x000000008f700000, 0x000000008f700000|100%| E|CS|TAMS 0x000000008f600000, 0x000000008f600000| Complete 
| 247|0x000000008f700000, 0x000000008f800000, 0x000000008f800000|100%| E|CS|TAMS 0x000000008f700000, 0x000000008f700000| Complete 
| 248|0x000000008f800000, 0x000000008f900000, 0x000000008f900000|100%| E|CS|TAMS 0x000000008f800000, 0x000000008f800000| Complete 
| 249|0x000000008f900000, 0x000000008fa00000, 0x000000008fa00000|100%| E|CS|TAMS 0x000000008f900000, 0x000000008f900000| Complete 
| 250|0x000000008fa00000, 0x000000008fb00000, 0x000000008fb00000|100%| E|CS|TAMS 0x000000008fa00000, 0x000000008fa00000| Complete 
| 251|0x000000008fb00000, 0x000000008fc00000, 0x000000008fc00000|100%| E|CS|TAMS 0x000000008fb00000, 0x000000008fb00000| Complete 
| 252|0x000000008fc00000, 0x000000008fd00000, 0x000000008fd00000|100%| E|CS|TAMS 0x000000008fc00000, 0x000000008fc00000| Complete 
| 253|0x000000008fd00000, 0x000000008fe00000, 0x000000008fe00000|100%| E|CS|TAMS 0x000000008fd00000, 0x000000008fd00000| Complete 

Card table byte_map: [0x000001c947db0000,0x000001c9481b0000] _byte_map_base: 0x000001c9479b0000

Marking Bits (Prev, Next): (CMBitMap*) 0x000001c9342694a8, (CMBitMap*) 0x000001c9342694e0
 Prev Bits: [0x000001c9485b0000, 0x000001c94a5b0000)
 Next Bits: [0x000001c94a5b0000, 0x000001c94c5b0000)

Polling page: 0x000001c932980000

Metaspace:

Usage:
  Non-class:     67.64 MB capacity,    66.54 MB ( 98%) used,   924.34 KB (  1%) free+waste,   197.81 KB ( <1%) overhead. 
      Class:     10.61 MB capacity,     9.96 MB ( 94%) used,   570.89 KB (  5%) free+waste,    91.88 KB ( <1%) overhead. 
       Both:     78.24 MB capacity,    76.50 MB ( 98%) used,     1.46 MB (  2%) free+waste,   289.69 KB ( <1%) overhead. 

Virtual space:
  Non-class space:       68.00 MB reserved,      67.87 MB (>99%) committed 
      Class space:        1.00 GB reserved,      10.63 MB (  1%) committed 
             Both:        1.07 GB reserved,      78.50 MB (  7%) committed 

Chunk freelists:
   Non-Class:  47.00 KB
       Class:  19.00 KB
        Both:  66.00 KB

MaxMetaspaceSize: 17179869184.00 GB
CompressedClassSpaceSize: 1.00 GB

CodeHeap 'non-profiled nmethods': size=120000Kb used=4657Kb max_used=4657Kb free=115342Kb
 bounds [0x000001c93f800000, 0x000001c93fc90000, 0x000001c946d30000]
CodeHeap 'profiled nmethods': size=120000Kb used=16300Kb max_used=16300Kb free=103699Kb
 bounds [0x000001c9382d0000, 0x000001c9392c0000, 0x000001c93f800000]
CodeHeap 'non-nmethods': size=5760Kb used=2289Kb max_used=2342Kb free=3470Kb
 bounds [0x000001c937d30000, 0x000001c937fa0000, 0x000001c9382d0000]
 total_blobs=8370 nmethods=7500 adapters=781
 compilation: enabled
              stopped_count=0, restarted_count=0
 full_count=0

Compilation events (20 events):
Event: 16.473 Thread 0x000001c94fb4d800 7528       3       com.google.common.collect.LinkedHashMultimap::<init> (52 bytes)
Event: 16.475 Thread 0x000001c94fb4d800 nmethod 7528 0x000001c9392a0690 code [0x000001c9392a0940, 0x000001c9392a1598]
Event: 16.481 Thread 0x000001c94fb4d800 7529       3       java.util.HashMap$TreeNode::find (172 bytes)
Event: 16.482 Thread 0x000001c94fb4d800 nmethod 7529 0x000001c9392a1990 code [0x000001c9392a1be0, 0x000001c9392a25d8]
Event: 16.486 Thread 0x000001c94fb4d800 7532   !   3       java.lang.invoke.InvokerBytecodeGenerator::resolveInvokerMember (41 bytes)
Event: 16.486 Thread 0x000001c94fb4d800 nmethod 7532 0x000001c9392a2910 code [0x000001c9392a2b00, 0x000001c9392a2e48]
Event: 16.490 Thread 0x000001c94fb4d800 7533       3       java.util.HashMap$TreeNode::tieBreakOrder (49 bytes)
Event: 16.490 Thread 0x000001c94fb4d800 nmethod 7533 0x000001c9392a3010 code [0x000001c9392a3240, 0x000001c9392a3728]
Event: 16.492 Thread 0x000001c94fb4d800 7536       2       java.util.regex.Pattern::newCharProperty (34 bytes)
Event: 16.493 Thread 0x000001c94fb4d800 nmethod 7536 0x000001c9392a3990 code [0x000001c9392a3b60, 0x000001c9392a3f98]
Event: 16.495 Thread 0x000001c94fb4d800 7537       3       org.gradle.internal.ImmutableActionSet$SetWithFewActions::<init> (10 bytes)
Event: 16.495 Thread 0x000001c94fb4d800 nmethod 7537 0x000001c9392a4090 code [0x000001c9392a4240, 0x000001c9392a4458]
Event: 16.495 Thread 0x000001c94fb4d800 7538       3       org.gradle.cache.Cache$$Lambda$69/0x0000000100185840::apply (9 bytes)
Event: 16.496 Thread 0x000001c94fb4d800 nmethod 7538 0x000001c9392a4590 code [0x000001c9392a4760, 0x000001c9392a4968]
Event: 16.496 Thread 0x000001c94fb4d800 7539       3       org.gradle.cache.Cache::lambda$get$0 (7 bytes)
Event: 16.496 Thread 0x000001c94fb4d800 nmethod 7539 0x000001c9392a4a90 code [0x000001c9392a4c40, 0x000001c9392a4de8]
Event: 16.508 Thread 0x000001c9523e4800 nmethod 7267 0x000001c93fc88710 code [0x000001c93fc88a80, 0x000001c93fc8b5d0]
Event: 16.508 Thread 0x000001c94fb4d800 7540       3       org.objectweb.asm.ClassVisitor::<init> (94 bytes)
Event: 16.508 Thread 0x000001c9523e4800 7534       4       org.gradle.internal.reflect.ClassInspector::inspectClass (179 bytes)
Event: 16.509 Thread 0x000001c94fb4d800 nmethod 7540 0x000001c9392a4e90 code [0x000001c9392a5120, 0x000001c9392a5c48]

GC Heap History (18 events):
Event: 0.979 GC heap before
{Heap before GC invocations=0 (full 0):
 garbage-first heap   total 260096K, used 29696K [0x0000000080000000, 0x0000000100000000)
  region size 1024K, 24 young (24576K), 0 survivors (0K)
 Metaspace       used 10244K, capacity 10493K, committed 10624K, reserved 1058816K
  class space    used 1072K, capacity 1139K, committed 1152K, reserved 1048576K
}
Event: 0.983 GC heap after
{Heap after GC invocations=1 (full 0):
 garbage-first heap   total 260096K, used 9772K [0x0000000080000000, 0x0000000100000000)
  region size 1024K, 3 young (3072K), 3 survivors (3072K)
 Metaspace       used 10244K, capacity 10493K, committed 10624K, reserved 1058816K
  class space    used 1072K, capacity 1139K, committed 1152K, reserved 1048576K
}
Event: 2.916 GC heap before
{Heap before GC invocations=1 (full 0):
 garbage-first heap   total 260096K, used 107052K [0x0000000080000000, 0x0000000100000000)
  region size 1024K, 99 young (101376K), 3 survivors (3072K)
 Metaspace       used 20632K, capacity 21108K, committed 21296K, reserved 1069056K
  class space    used 2534K, capacity 2660K, committed 2688K, reserved 1048576K
}
Event: 2.925 GC heap after
{Heap after GC invocations=2 (full 0):
 garbage-first heap   total 260096K, used 16818K [0x0000000080000000, 0x0000000100000000)
  region size 1024K, 10 young (10240K), 10 survivors (10240K)
 Metaspace       used 20632K, capacity 21108K, committed 21296K, reserved 1069056K
  class space    used 2534K, capacity 2660K, committed 2688K, reserved 1048576K
}
Event: 3.143 GC heap before
{Heap before GC invocations=3 (full 0):
 garbage-first heap   total 260096K, used 33202K [0x0000000080000000, 0x0000000100000000)
  region size 1024K, 26 young (26624K), 10 survivors (10240K)
 Metaspace       used 22315K, capacity 22849K, committed 22960K, reserved 1069056K
  class space    used 2830K, capacity 3012K, committed 3072K, reserved 1048576K
}
Event: 3.148 GC heap after
{Heap after GC invocations=4 (full 0):
 garbage-first heap   total 260096K, used 17762K [0x0000000080000000, 0x0000000100000000)
  region size 1024K, 1 young (1024K), 1 survivors (1024K)
 Metaspace       used 22315K, capacity 22849K, committed 22960K, reserved 1069056K
  class space    used 2830K, capacity 3012K, committed 3072K, reserved 1048576K
}
Event: 4.204 GC heap before
{Heap before GC invocations=4 (full 0):
 garbage-first heap   total 260096K, used 87394K [0x0000000080000000, 0x0000000100000000)
  region size 1024K, 69 young (70656K), 1 survivors (1024K)
 Metaspace       used 28949K, capacity 29601K, committed 29744K, reserved 1075200K
  class space    used 3863K, capacity 4097K, committed 4224K, reserved 1048576K
}
Event: 4.208 GC heap after
{Heap after GC invocations=5 (full 0):
 garbage-first heap   total 260096K, used 19958K [0x0000000080000000, 0x0000000100000000)
  region size 1024K, 4 young (4096K), 4 survivors (4096K)
 Metaspace       used 28949K, capacity 29601K, committed 29744K, reserved 1075200K
  class space    used 3863K, capacity 4097K, committed 4224K, reserved 1048576K
}
Event: 4.738 GC heap before
{Heap before GC invocations=5 (full 0):
 garbage-first heap   total 260096K, used 45558K [0x0000000080000000, 0x0000000100000000)
  region size 1024K, 30 young (30720K), 4 survivors (4096K)
 Metaspace       used 34937K, capacity 35657K, committed 35708K, reserved 1081344K
  class space    used 4542K, capacity 4863K, committed 4864K, reserved 1048576K
}
Event: 4.746 GC heap after
{Heap after GC invocations=6 (full 0):
 garbage-first heap   total 260096K, used 22610K [0x0000000080000000, 0x0000000100000000)
  region size 1024K, 6 young (6144K), 6 survivors (6144K)
 Metaspace       used 34937K, capacity 35657K, committed 35708K, reserved 1081344K
  class space    used 4542K, capacity 4863K, committed 4864K, reserved 1048576K
}
Event: 7.631 GC heap before
{Heap before GC invocations=7 (full 0):
 garbage-first heap   total 260096K, used 146514K [0x0000000080000000, 0x0000000100000000)
  region size 1024K, 124 young (126976K), 6 survivors (6144K)
 Metaspace       used 44982K, capacity 45986K, committed 46204K, reserved 1089536K
  class space    used 5777K, capacity 6138K, committed 6144K, reserved 1048576K
}
Event: 7.644 GC heap after
{Heap after GC invocations=8 (full 0):
 garbage-first heap   total 260096K, used 29587K [0x0000000080000000, 0x0000000100000000)
  region size 1024K, 13 young (13312K), 13 survivors (13312K)
 Metaspace       used 44982K, capacity 45986K, committed 46204K, reserved 1089536K
  class space    used 5777K, capacity 6138K, committed 6144K, reserved 1048576K
}
Event: 13.047 GC heap before
{Heap before GC invocations=8 (full 0):
 garbage-first heap   total 260096K, used 160659K [0x0000000080000000, 0x0000000100000000)
  region size 1024K, 137 young (140288K), 13 survivors (13312K)
 Metaspace       used 52588K, capacity 53875K, committed 54012K, reserved 1095680K
  class space    used 6705K, capacity 7238K, committed 7296K, reserved 1048576K
}
Event: 13.058 GC heap after
{Heap after GC invocations=9 (full 0):
 garbage-first heap   total 260096K, used 44163K [0x0000000080000000, 0x0000000100000000)
  region size 1024K, 17 young (17408K), 17 survivors (17408K)
 Metaspace       used 52588K, capacity 53875K, committed 54012K, reserved 1095680K
  class space    used 6705K, capacity 7238K, committed 7296K, reserved 1048576K
}
Event: 13.600 GC heap before
{Heap before GC invocations=9 (full 0):
 garbage-first heap   total 260096K, used 84099K [0x0000000080000000, 0x0000000100000000)
  region size 1024K, 57 young (58368K), 17 survivors (17408K)
 Metaspace       used 58444K, capacity 59759K, committed 59900K, reserved 1101824K
  class space    used 7398K, capacity 7937K, committed 8064K, reserved 1048576K
}
Event: 13.617 GC heap after
{Heap after GC invocations=10 (full 0):
 garbage-first heap   total 260096K, used 46273K [0x0000000080000000, 0x0000000100000000)
  region size 1024K, 12 young (12288K), 12 survivors (12288K)
 Metaspace       used 58444K, capacity 59759K, committed 59900K, reserved 1101824K
  class space    used 7398K, capacity 7937K, committed 8064K, reserved 1048576K
}
Event: 15.452 GC heap before
{Heap before GC invocations=11 (full 0):
 garbage-first heap   total 260096K, used 185537K [0x0000000080000000, 0x0000000100000000)
  region size 1024K, 148 young (151552K), 12 survivors (12288K)
 Metaspace       used 70660K, capacity 72220K, committed 72444K, reserved 1112064K
  class space    used 9121K, capacity 9729K, committed 9856K, reserved 1048576K
}
Event: 15.477 GC heap after
{Heap after GC invocations=12 (full 0):
 garbage-first heap   total 260096K, used 56320K [0x0000000080000000, 0x0000000100000000)
  region size 1024K, 12 young (12288K), 12 survivors (12288K)
 Metaspace       used 70660K, capacity 72220K, committed 72444K, reserved 1112064K
  class space    used 9121K, capacity 9729K, committed 9856K, reserved 1048576K
}

Deoptimization events (20 events):
Event: 16.457 Thread 0x000001c952c12800 DEOPT PACKING pc=0x000001c938a76b44 sp=0x0000009e448f7730
Event: 16.457 Thread 0x000001c952c12800 DEOPT UNPACKING pc=0x000001c937d57c0e sp=0x0000009e448f6b68 mode 0
Event: 16.457 Thread 0x000001c952c12800 DEOPT PACKING pc=0x000001c938a76c4c sp=0x0000009e448f77a0
Event: 16.457 Thread 0x000001c952c12800 DEOPT UNPACKING pc=0x000001c937d57c0e sp=0x0000009e448f6c40 mode 0
Event: 16.457 Thread 0x000001c952c12800 DEOPT PACKING pc=0x000001c9390a867c sp=0x0000009e448f7810
Event: 16.457 Thread 0x000001c952c12800 DEOPT UNPACKING pc=0x000001c937d57c0e sp=0x0000009e448f6c10 mode 0
Event: 16.464 Thread 0x000001c952c12800 Uncommon trap: trap_request=0xffffff4d fr.pc=0x000001c93fad5cfc relative=0x00000000000006fc
Event: 16.464 Thread 0x000001c952c12800 Uncommon trap: reason=unstable_if action=reinterpret pc=0x000001c93fad5cfc method=java.util.HashMap.putVal(ILjava/lang/Object;Ljava/lang/Object;ZZ)Ljava/lang/Object; @ 109 c2
Event: 16.464 Thread 0x000001c952c12800 DEOPT PACKING pc=0x000001c93fad5cfc sp=0x0000009e448f7460
Event: 16.464 Thread 0x000001c952c12800 DEOPT UNPACKING pc=0x000001c937d383af sp=0x0000009e448f7378 mode 2
Event: 16.464 Thread 0x000001c952c12800 Uncommon trap: trap_request=0xffffff4d fr.pc=0x000001c93fa91984 relative=0x0000000000000684
Event: 16.464 Thread 0x000001c952c12800 Uncommon trap: reason=unstable_if action=reinterpret pc=0x000001c93fa91984 method=java.util.HashMap.putVal(ILjava/lang/Object;Ljava/lang/Object;ZZ)Ljava/lang/Object; @ 109 c2
Event: 16.464 Thread 0x000001c952c12800 DEOPT PACKING pc=0x000001c93fa91984 sp=0x0000009e448f73b0
Event: 16.465 Thread 0x000001c952c12800 DEOPT UNPACKING pc=0x000001c937d383af sp=0x0000009e448f7368 mode 2
Event: 16.467 Thread 0x000001c952c12800 DEOPT PACKING pc=0x000001c938f91556 sp=0x0000009e448f7700
Event: 16.467 Thread 0x000001c952c12800 DEOPT UNPACKING pc=0x000001c937d57c0e sp=0x0000009e448f6ca0 mode 0
Event: 16.482 Thread 0x000001c952c12800 DEOPT PACKING pc=0x000001c938fc76a7 sp=0x0000009e448f6780
Event: 16.482 Thread 0x000001c952c12800 DEOPT UNPACKING pc=0x000001c937d57c0e sp=0x0000009e448f5c10 mode 0
Event: 16.499 Thread 0x000001c952c12800 DEOPT PACKING pc=0x000001c938f915f3 sp=0x0000009e448f7700
Event: 16.499 Thread 0x000001c952c12800 DEOPT UNPACKING pc=0x000001c937d57c0e sp=0x0000009e448f6ca0 mode 0

Classes redefined (0 events):
No events

Internal exceptions (20 events):
Event: 14.749 Thread 0x000001c952c12800 Exception <a 'java/lang/ClassNotFoundException'{0x00000000891d2408}: org/gradle/api/internal/artifacts/dsl/dependencies/DefaultDependencyHandlerBeanInfo> (0x00000000891d2408) thrown at [./src/hotspot/share/classfile/systemDictionary.cpp, line 231]
Event: 14.751 Thread 0x000001c952c12800 Exception <a 'java/lang/ClassNotFoundException'{0x000000008901ac48}: org/gradle/api/internal/artifacts/dsl/dependencies/DefaultDependencyHandlerCustomizer> (0x000000008901ac48) thrown at [./src/hotspot/share/classfile/systemDictionary.cpp, line 231]
Event: 14.753 Thread 0x000001c952c12800 Exception <a 'java/lang/ClassNotFoundException'{0x000000008908c4c0}: org/gradle/api/internal/artifacts/dsl/dependencies/DefaultDependencyHandler_DecoratedCustomizer> (0x000000008908c4c0) thrown at [./src/hotspot/share/classfile/systemDictionary.cpp, line 231]
Event: 15.603 Thread 0x000001c952c12800 Exception <a 'java/lang/ClassNotFoundException'{0x000000008f6b5af0}: com/android/build/gradle/internal/api/ApkVariantOutputImpl_DecoratedBeanInfo> (0x000000008f6b5af0) thrown at [./src/hotspot/share/classfile/systemDictionary.cpp, line 231]
Event: 15.603 Thread 0x000001c952c12800 Exception <a 'java/lang/ClassNotFoundException'{0x000000008f6d0320}: com/android/build/gradle/internal/api/ApkVariantOutputImplBeanInfo> (0x000000008f6d0320) thrown at [./src/hotspot/share/classfile/systemDictionary.cpp, line 231]
Event: 15.604 Thread 0x000001c952c12800 Exception <a 'java/lang/ClassNotFoundException'{0x000000008f6eb390}: com/android/build/gradle/internal/api/BaseVariantOutputImplBeanInfo> (0x000000008f6eb390) thrown at [./src/hotspot/share/classfile/systemDictionary.cpp, line 231]
Event: 15.604 Thread 0x000001c952c12800 Exception <a 'java/lang/ClassNotFoundException'{0x000000008f506900}: com/android/build/gradle/internal/api/BaseVariantOutputImplCustomizer> (0x000000008f506900) thrown at [./src/hotspot/share/classfile/systemDictionary.cpp, line 231]
Event: 15.605 Thread 0x000001c952c12800 Exception <a 'java/lang/ClassNotFoundException'{0x000000008f534070}: com/android/build/gradle/internal/api/ApkVariantOutputImplCustomizer> (0x000000008f534070) thrown at [./src/hotspot/share/classfile/systemDictionary.cpp, line 231]
Event: 15.606 Thread 0x000001c952c12800 Exception <a 'java/lang/ClassNotFoundException'{0x000000008f55dd08}: com/android/build/gradle/internal/api/ApkVariantOutputImpl_DecoratedCustomizer> (0x000000008f55dd08) thrown at [./src/hotspot/share/classfile/systemDictionary.cpp, line 231]
Event: 15.622 Thread 0x000001c952c12800 Exception <a 'java/lang/NoClassDefFoundError'{0x000000008f4cb548}: org/jetbrains/kotlin/gradle/plugin/KotlinBasePluginWrapper> (0x000000008f4cb548) thrown at [./src/hotspot/share/classfile/systemDictionary.cpp, line 220]
Event: 15.953 Thread 0x000001c952c12800 Exception <a 'sun/nio/fs/WindowsException'{0x000000008defb400}> (0x000000008defb400) thrown at [./src/hotspot/share/prims/jni.cpp, line 615]
Event: 15.953 Thread 0x000001c952c12800 Exception <a 'sun/nio/fs/WindowsException'{0x000000008defb7d8}> (0x000000008defb7d8) thrown at [./src/hotspot/share/prims/jni.cpp, line 615]
Event: 16.067 Thread 0x000001c952c12800 Exception <a 'java/lang/NullPointerException'{0x000000008d4a7ef8}> (0x000000008d4a7ef8) thrown at [./src/hotspot/share/interpreter/linkResolver.cpp, line 1440]
Event: 16.149 Thread 0x000001c952c12800 Implicit null exception at 0x000001c93fc4cc27 to 0x000001c93fc4edd8
Event: 16.307 Thread 0x000001c952c12800 Exception <a 'java/lang/NoSuchMethodError'{0x000000008c4a8458}: 'int java.lang.invoke.DirectMethodHandle$Holder.invokeStatic(java.lang.Object, java.lang.Object, int, java.lang.Object)'> (0x000000008c4a8458) thrown at [./src/hotspot/share/interpreter/linkResolver.cpp, line 773]
Event: 16.308 Thread 0x000001c952c12800 Exception <a 'java/lang/NoSuchMethodError'{0x000000008c4af300}: 'java.lang.Object java.lang.invoke.Invokers$Holder.linkToTargetMethod(java.lang.Object, int, java.lang.Object)'> (0x000000008c4af300) thrown at [./src/hotspot/share/interpreter/linkResolver.cpp, line 773]
Event: 16.372 Thread 0x000001c952c12800 Exception <a 'sun/nio/fs/WindowsException'{0x000000008c3e2438}> (0x000000008c3e2438) thrown at [./src/hotspot/share/prims/jni.cpp, line 615]
Event: 16.372 Thread 0x000001c952c12800 Exception <a 'sun/nio/fs/WindowsException'{0x000000008c3e37c8}> (0x000000008c3e37c8) thrown at [./src/hotspot/share/prims/jni.cpp, line 615]
Event: 16.372 Thread 0x000001c952c12800 Exception <a 'sun/nio/fs/WindowsException'{0x000000008c3e4b90}> (0x000000008c3e4b90) thrown at [./src/hotspot/share/prims/jni.cpp, line 615]
Event: 16.372 Thread 0x000001c952c12800 Exception <a 'sun/nio/fs/WindowsException'{0x000000008c3e5f58}> (0x000000008c3e5f58) thrown at [./src/hotspot/share/prims/jni.cpp, line 615]

Events (20 events):
Event: 16.503 loading class com/android/tools/lint/model/LintModelModuleType
Event: 16.503 loading class com/android/tools/lint/model/LintModelModuleType done
Event: 16.507 loading class com/android/build/gradle/internal/lint/ProjectInputs$initializeFromProject$1
Event: 16.507 loading class com/android/build/gradle/internal/lint/ProjectInputs$initializeFromProject$1 done
Event: 16.508 loading class com/android/tools/lint/model/LintModelLintOptions
Event: 16.508 loading class com/android/tools/lint/model/LintModelLintOptions done
Event: 16.511 loading class com/android/build/gradle/internal/lint/SdkVersionInput
Event: 16.511 loading class com/android/build/gradle/internal/lint/SdkVersionInput done
Event: 16.511 loading class com/android/build/gradle/internal/lint/BuildFeaturesInput
Event: 16.511 loading class com/android/build/gradle/internal/lint/BuildFeaturesInput done
Event: 16.512 loading class com/android/tools/lint/model/LintModelVariant
Event: 16.512 loading class com/android/tools/lint/model/LintModelVariant done
Event: 16.512 loading class com/android/build/gradle/internal/lint/AndroidArtifactInput
Event: 16.512 loading class com/android/build/gradle/internal/lint/AndroidArtifactInput done
Event: 16.512 loading class com/android/build/gradle/internal/lint/ArtifactInput
Event: 16.512 loading class com/android/build/gradle/internal/lint/ArtifactInput done
Event: 16.513 loading class com/android/build/gradle/internal/lint/SourceProviderInput
Event: 16.513 loading class com/android/build/gradle/internal/lint/SourceProviderInput done
Event: 16.514 loading class com/android/build/gradle/internal/lint/JavaArtifactInput
Event: 16.514 loading class com/android/build/gradle/internal/lint/JavaArtifactInput done


Dynamic libraries:
0x00007ff761570000 - 0x00007ff76157a000 	D:\android\jre\bin\java.exe
0x00007ffeaeb70000 - 0x00007ffeaed65000 	C:\Windows\SYSTEM32\ntdll.dll
0x00007ffeae7a0000 - 0x00007ffeae85e000 	C:\Windows\System32\KERNEL32.DLL
0x00007ffeac390000 - 0x00007ffeac658000 	C:\Windows\System32\KERNELBASE.dll
0x00007ffeac290000 - 0x00007ffeac390000 	C:\Windows\System32\ucrtbase.dll
0x00007ffe7c630000 - 0x00007ffe7c649000 	D:\android\jre\bin\jli.dll
0x00007ffeae460000 - 0x00007ffeae600000 	C:\Windows\System32\USER32.dll
0x00007ffe94720000 - 0x00007ffe949ba000 	C:\Windows\WinSxS\amd64_microsoft.windows.common-controls_6595b64144ccf1df_6.0.19041.1110_none_60b5254171f9507e\COMCTL32.dll
0x00007ffeacb00000 - 0x00007ffeacb22000 	C:\Windows\System32\win32u.dll
0x00007ffead210000 - 0x00007ffead2ae000 	C:\Windows\System32\msvcrt.dll
0x00007ffeacf90000 - 0x00007ffeacfba000 	C:\Windows\System32\GDI32.dll
0x00007ffeac880000 - 0x00007ffeac98b000 	C:\Windows\System32\gdi32full.dll
0x00007ffeacb30000 - 0x00007ffeacbcd000 	C:\Windows\System32\msvcp_win.dll
0x00007ffe7b920000 - 0x00007ffe7b937000 	D:\android\jre\bin\VCRUNTIME140.dll
0x00007ffead1e0000 - 0x00007ffead210000 	C:\Windows\System32\IMM32.DLL
0x00007ffe5d090000 - 0x00007ffe5d12d000 	D:\android\jre\bin\msvcp140.dll
0x00007ffe4d1d0000 - 0x00007ffe4dca5000 	D:\android\jre\bin\server\jvm.dll
0x00007ffeae3b0000 - 0x00007ffeae45e000 	C:\Windows\System32\ADVAPI32.dll
0x00007ffeaea20000 - 0x00007ffeaeabc000 	C:\Windows\System32\sechost.dll
0x00007ffeae600000 - 0x00007ffeae725000 	C:\Windows\System32\RPCRT4.dll
0x00007ffeaea10000 - 0x00007ffeaea18000 	C:\Windows\System32\PSAPI.DLL
0x00007ffea7990000 - 0x00007ffea79b7000 	C:\Windows\SYSTEM32\WINMM.dll
0x00007ffea4e70000 - 0x00007ffea4e7a000 	C:\Windows\SYSTEM32\VERSION.dll
0x00007ffea6080000 - 0x00007ffea6089000 	C:\Windows\SYSTEM32\WSOCK32.dll
0x00007ffeaeac0000 - 0x00007ffeaeb2b000 	C:\Windows\System32\WS2_32.dll
0x00007ffeaab40000 - 0x00007ffeaab52000 	C:\Windows\SYSTEM32\kernel.appcore.dll
0x00007ffea6040000 - 0x00007ffea6051000 	D:\android\jre\bin\verify.dll
0x00007ffea9f30000 - 0x00007ffeaa114000 	C:\Windows\SYSTEM32\DBGHELP.DLL
0x00007ffe7e210000 - 0x00007ffe7e23c000 	C:\Windows\SYSTEM32\dbgcore.DLL
0x00007ffeaca70000 - 0x00007ffeacaf2000 	C:\Windows\System32\bcryptPrimitives.dll
0x00007ffea4c20000 - 0x00007ffea4c49000 	D:\android\jre\bin\java.dll
0x00007ffea4c10000 - 0x00007ffea4c1b000 	D:\android\jre\bin\jimage.dll
0x00007ffe9c550000 - 0x00007ffe9c568000 	D:\android\jre\bin\zip.dll
0x00007ffead310000 - 0x00007ffeada54000 	C:\Windows\System32\SHELL32.dll
0x00007ffeaa390000 - 0x00007ffeaab24000 	C:\Windows\SYSTEM32\windows.storage.dll
0x00007ffeadac0000 - 0x00007ffeade14000 	C:\Windows\System32\combase.dll
0x00007ffeabd00000 - 0x00007ffeabd2c000 	C:\Windows\SYSTEM32\Wldp.dll
0x00007ffead0b0000 - 0x00007ffead15d000 	C:\Windows\System32\SHCORE.dll
0x00007ffeae730000 - 0x00007ffeae785000 	C:\Windows\System32\shlwapi.dll
0x00007ffeac1d0000 - 0x00007ffeac1ef000 	C:\Windows\SYSTEM32\profapi.dll
0x00007ffe9b570000 - 0x00007ffe9b58a000 	D:\android\jre\bin\net.dll
0x00007ffe971f0000 - 0x00007ffe972fa000 	C:\Windows\SYSTEM32\WINHTTP.dll
0x00007ffeaba60000 - 0x00007ffeabaca000 	C:\Windows\system32\mswsock.dll
0x00007ffe9b550000 - 0x00007ffe9b564000 	D:\android\jre\bin\nio.dll
0x00007ffe7c850000 - 0x00007ffe7c877000 	C:\Users\smagu\.gradle\native\e1d6ef7f7dcc3fd88c89a11ec53ec762bb8ba0a96d01ffa2cd45eb1d1d8dd5c5\windows-amd64\native-platform.dll
0x00007ffe4eda0000 - 0x00007ffe4eee4000 	C:\Users\smagu\.gradle\native\5664cfc778a61ccfe75a443a1ab52a65af34e5dc3c78e0209fed803814484fcb\windows-amd64\native-platform-file-events.dll
0x00007ffe9b540000 - 0x00007ffe9b54a000 	D:\android\jre\bin\management.dll
0x00007ffe9b530000 - 0x00007ffe9b53d000 	D:\android\jre\bin\management_ext.dll
0x00007ffeabc50000 - 0x00007ffeabc68000 	C:\Windows\SYSTEM32\CRYPTSP.dll
0x00007ffeab370000 - 0x00007ffeab3a4000 	C:\Windows\system32\rsaenh.dll
0x00007ffeac990000 - 0x00007ffeac9b7000 	C:\Windows\System32\bcrypt.dll
0x00007ffeac190000 - 0x00007ffeac1be000 	C:\Windows\SYSTEM32\USERENV.dll
0x00007ffeabc70000 - 0x00007ffeabc7c000 	C:\Windows\SYSTEM32\CRYPTBASE.dll
0x00007ffeab700000 - 0x00007ffeab73b000 	C:\Windows\SYSTEM32\IPHLPAPI.DLL
0x00007ffeae790000 - 0x00007ffeae798000 	C:\Windows\System32\NSI.dll
0x00007ffea49e0000 - 0x00007ffea49f7000 	C:\Windows\SYSTEM32\dhcpcsvc6.DLL
0x00007ffea4c90000 - 0x00007ffea4cad000 	C:\Windows\SYSTEM32\dhcpcsvc.DLL
0x00007ffeab740000 - 0x00007ffeab80b000 	C:\Windows\SYSTEM32\DNSAPI.dll

dbghelp: loaded successfully - version: 4.0.5 - missing functions: none
symbol engine: initialized successfully - sym options: 0x614 - pdb path: .;D:\android\jre\bin;C:\Windows\SYSTEM32;C:\Windows\WinSxS\amd64_microsoft.windows.common-controls_6595b64144ccf1df_6.0.19041.1110_none_60b5254171f9507e;D:\android\jre\bin\server;C:\Users\smagu\.gradle\native\e1d6ef7f7dcc3fd88c89a11ec53ec762bb8ba0a96d01ffa2cd45eb1d1d8dd5c5\windows-amd64;C:\Users\smagu\.gradle\native\5664cfc778a61ccfe75a443a1ab52a65af34e5dc3c78e0209fed803814484fcb\windows-amd64

VM Arguments:
jvm_args: --add-opens=java.base/java.util=ALL-UNNAMED --add-opens=java.base/java.lang=ALL-UNNAMED --add-opens=java.base/java.lang.invoke=ALL-UNNAMED --add-opens=java.base/java.util=ALL-UNNAMED --add-opens=java.prefs/java.util.prefs=ALL-UNNAMED --add-opens=java.prefs/java.util.prefs=ALL-UNNAMED --add-opens=java.base/java.nio.charset=ALL-UNNAMED --add-opens=java.base/java.net=ALL-UNNAMED --add-opens=java.base/java.util.concurrent.atomic=ALL-UNNAMED -Xmx2048m -Dfile.encoding=UTF-8 -Duser.country=RU -Duser.language=ru -Duser.variant 
java_command: org.gradle.launcher.daemon.bootstrap.GradleDaemon 7.2
java_class_path (initial): C:\Users\smagu\.gradle\wrapper\dists\gradle-7.2-bin\2dnblmf4td7x66yl1d74lt32g\gradle-7.2\lib\gradle-launcher-7.2.jar
Launcher Type: SUN_STANDARD

[Global flags]
     intx CICompilerCount                          = 4                                         {product} {ergonomic}
     uint ConcGCThreads                            = 3                                         {product} {ergonomic}
     uint G1ConcRefinementThreads                  = 10                                        {product} {ergonomic}
   size_t G1HeapRegionSize                         = 1048576                                   {product} {ergonomic}
    uintx GCDrainStackTargetSize                   = 64                                        {product} {ergonomic}
   size_t InitialHeapSize                          = 266338304                                 {product} {ergonomic}
   size_t MarkStackSize                            = 4194304                                   {product} {ergonomic}
   size_t MaxHeapSize                              = 2147483648                                {product} {command line}
   size_t MaxNewSize                               = 1287651328                                {product} {ergonomic}
   size_t MinHeapDeltaBytes                        = 1048576                                   {product} {ergonomic}
    uintx NonNMethodCodeHeapSize                   = 5836300                                {pd product} {ergonomic}
    uintx NonProfiledCodeHeapSize                  = 122910970                              {pd product} {ergonomic}
    uintx ProfiledCodeHeapSize                     = 122910970                              {pd product} {ergonomic}
    uintx ReservedCodeCacheSize                    = 251658240                              {pd product} {ergonomic}
     bool SegmentedCodeCache                       = true                                      {product} {ergonomic}
     bool UseCompressedClassPointers               = true                                 {lp64_product} {ergonomic}
     bool UseCompressedOops                        = true                                 {lp64_product} {ergonomic}
     bool UseG1GC                                  = true                                      {product} {ergonomic}
     bool UseLargePagesIndividualAllocation        = false                                  {pd product} {ergonomic}

Logging:
Log output configuration:
 #0: stdout all=warning uptime,level,tags
 #1: stderr all=off uptime,level,tags

Environment Variables:
PATH=C:\Windows\system32;C:\Windows;C:\Windows\System32\Wbem;C:\Windows\System32\WindowsPowerShell\v1.0\;C:\Windows\System32\OpenSSH\;D:\Git\cmd;C:\Users\smagu\AppData\Local\Microsoft\WindowsApps;;D:\Microsoft VS Code\bin
USERNAME=smagu
OS=Windows_NT
PROCESSOR_IDENTIFIER=Intel64 Family 6 Model 141 Stepping 1, GenuineIntel



---------------  S Y S T E M  ---------------

OS: Windows 10 , 64 bit Build 19041 (10.0.19041.1645)
OS uptime: 0 days 23:46 hours

CPU:total 12 (initial active 12) (6 cores per cpu, 2 threads per core) family 6 model 141 stepping 1 microcode 0x2c, cmov, cx8, fxsr, mmx, sse, sse2, sse3, ssse3, sse4.1, sse4.2, popcnt, avx, avx2, aes, clmul, erms, 3dnowpref, lzcnt, ht, tsc, tscinvbit, bmi1, bmi2, adx, evex, sha, fma

Memory: 4k page, system-wide physical 16163M (85M free)
TotalPageFile size 31579M (AvailPageFile size 0M)
current process WorkingSet (physical memory assigned to process): 441M, peak: 442M
current process commit charge ("private bytes"): 536M, peak: 538M

vm_info: OpenJDK 64-Bit Server VM (11.0.11+9-b60-7590822) for windows-amd64 JRE (11.0.11+9-b60-7590822), built on Jul 29 2021 21:43:44 by "builder" with MS VC++ 14.0 (VS2015)

END.
